[0.008s] Invoking command in '/home/chayakorn/ros_ws/build/rc_pwm_pkg': CMAKE_PREFIX_PATH=${CMAKE_PREFIX_PATH}:/home/chayakorn/ros_ws/install/control_pkg:/opt/ros/humble /usr/bin/cmake --build /home/chayakorn/ros_ws/build/rc_pwm_pkg -- -j16 -l16
[0.033s] -- Found ament_cmake: 1.3.11 (/opt/ros/humble/share/ament_cmake/cmake)
[0.126s] -- Found ament_lint_auto: 0.12.11 (/opt/ros/humble/share/ament_lint_auto/cmake)
[0.173s] -- Found rosidl_default_generators: 1.2.0 (/opt/ros/humble/share/rosidl_default_generators/cmake)
[0.174s] -- Using all available rosidl_typesupport_c: rosidl_typesupport_fastrtps_c;rosidl_typesupport_introspection_c
[0.176s] -- Found rosidl_adapter: 3.1.6 (/opt/ros/humble/share/rosidl_adapter/cmake)
[0.197s] -- Using all available rosidl_typesupport_cpp: rosidl_typesupport_fastrtps_cpp;rosidl_typesupport_introspection_cpp
[0.353s] -- Found ament_cmake_ros: 0.10.0 (/opt/ros/humble/share/ament_cmake_ros/cmake)
[0.520s] -- Using all available rosidl_typesupport_c: rosidl_typesupport_fastrtps_c;rosidl_typesupport_introspection_c
[0.705s] -- Using all available rosidl_typesupport_cpp: rosidl_typesupport_fastrtps_cpp;rosidl_typesupport_introspection_cpp
[0.724s] -- Found python_cmake_module: 0.10.0 (/opt/ros/humble/share/python_cmake_module/cmake)
[0.744s] -- Using PYTHON_EXECUTABLE: /usr/bin/python3
[0.744s] -- Using PYTHON_INCLUDE_DIRS: /usr/include/python3.10
[0.744s] -- Using PYTHON_LIBRARIES: /usr/lib/x86_64-linux-gnu/libpython3.10.so
[0.756s] -- Added test 'lint_cmake' to check CMake code style
[0.757s] -- Added test 'xmllint' to check XML markup files
[0.765s] -- Configuring done
[0.792s] -- Generating done
[0.801s] -- Build files have been written to: /home/chayakorn/ros_ws/build/rc_pwm_pkg
[0.826s] [  2%] [34m[1mGenerating C code for ROS interfaces[0m
[0.837s] [  5%] [34m[1mGenerating C++ code for ROS interfaces[0m
[0.846s] [  5%] Built target ament_cmake_python_copy_rc_pwm_pkg
[1.028s] running egg_info
[1.029s] writing rc_pwm_pkg.egg-info/PKG-INFO
[1.029s] writing dependency_links to rc_pwm_pkg.egg-info/dependency_links.txt
[1.030s] writing top-level names to rc_pwm_pkg.egg-info/top_level.txt
[1.032s] reading manifest file 'rc_pwm_pkg.egg-info/SOURCES.txt'
[1.033s] writing manifest file 'rc_pwm_pkg.egg-info/SOURCES.txt'
[1.034s] [  5%] Built target rc_pwm_pkg__cpp
[1.041s] [35m[1mConsolidate compiler generated dependencies of target rc_pwm_pkg__rosidl_generator_c[0m
[1.043s] [ 12%] [34m[1mGenerating C++ type support dispatch for ROS interfaces[0m
[1.043s] [ 12%] [34m[1mGenerating C++ type support for eProsima Fast-RTPS[0m
[1.043s] [ 12%] [34m[1mGenerating C++ introspection for ROS interfaces[0m
[1.050s] [ 15%] [32mBuilding C object CMakeFiles/rc_pwm_pkg__rosidl_generator_c.dir/rosidl_generator_c/rc_pwm_pkg/msg/detail/pub_pwm__functions.c.o[0m
[1.051s] [ 17%] [32mBuilding C object CMakeFiles/rc_pwm_pkg__rosidl_generator_c.dir/rosidl_generator_c/rc_pwm_pkg/msg/detail/pwm__functions.c.o[0m
[1.061s] [ 17%] Built target ament_cmake_python_build_rc_pwm_pkg_egg
[1.120s] [ 20%] [32m[1mLinking C shared library librc_pwm_pkg__rosidl_generator_c.so[0m
[1.159s] [ 20%] Built target rc_pwm_pkg__rosidl_generator_c
[1.168s] [ 25%] [34m[1mGenerating C type support dispatch for ROS interfaces[0m
[1.168s] [ 25%] [34m[1mGenerating C type support for eProsima Fast-RTPS[0m
[1.169s] [ 28%] [34m[1mGenerating C introspection for ROS interfaces[0m
[1.209s] [35m[1mConsolidate compiler generated dependencies of target rc_pwm_pkg__rosidl_typesupport_cpp[0m
[1.220s] [35m[1mConsolidate compiler generated dependencies of target rc_pwm_pkg__rosidl_typesupport_introspection_cpp[0m
[1.220s] [ 33%] [32mBuilding CXX object CMakeFiles/rc_pwm_pkg__rosidl_typesupport_cpp.dir/rosidl_typesupport_cpp/rc_pwm_pkg/msg/pub_pwm__type_support.cpp.o[0m
[1.220s] [ 33%] [32mBuilding CXX object CMakeFiles/rc_pwm_pkg__rosidl_typesupport_cpp.dir/rosidl_typesupport_cpp/rc_pwm_pkg/msg/pwm__type_support.cpp.o[0m
[1.230s] [ 35%] [32mBuilding CXX object CMakeFiles/rc_pwm_pkg__rosidl_typesupport_introspection_cpp.dir/rosidl_typesupport_introspection_cpp/rc_pwm_pkg/msg/detail/pub_pwm__type_support.cpp.o[0m
[1.230s] [ 38%] [32mBuilding CXX object CMakeFiles/rc_pwm_pkg__rosidl_typesupport_introspection_cpp.dir/rosidl_typesupport_introspection_cpp/rc_pwm_pkg/msg/detail/pwm__type_support.cpp.o[0m
[1.239s] [35m[1mConsolidate compiler generated dependencies of target rc_pwm_pkg__rosidl_typesupport_fastrtps_cpp[0m
[1.250s] [ 43%] [32mBuilding CXX object CMakeFiles/rc_pwm_pkg__rosidl_typesupport_fastrtps_cpp.dir/rosidl_typesupport_fastrtps_cpp/rc_pwm_pkg/msg/detail/dds_fastrtps/pwm__type_support.cpp.o[0m
[1.251s] [ 43%] [32mBuilding CXX object CMakeFiles/rc_pwm_pkg__rosidl_typesupport_fastrtps_cpp.dir/rosidl_typesupport_fastrtps_cpp/rc_pwm_pkg/msg/detail/dds_fastrtps/pub_pwm__type_support.cpp.o[0m
[1.339s] [35m[1mConsolidate compiler generated dependencies of target rc_pwm_pkg__rosidl_typesupport_c[0m
[1.350s] [ 48%] [32mBuilding CXX object CMakeFiles/rc_pwm_pkg__rosidl_typesupport_c.dir/rosidl_typesupport_c/rc_pwm_pkg/msg/pwm__type_support.cpp.o[0m
[1.350s] [ 48%] [32mBuilding CXX object CMakeFiles/rc_pwm_pkg__rosidl_typesupport_c.dir/rosidl_typesupport_c/rc_pwm_pkg/msg/pub_pwm__type_support.cpp.o[0m
[1.364s] [35m[1mConsolidate compiler generated dependencies of target rc_pwm_pkg__rosidl_typesupport_fastrtps_c[0m
[1.375s] [35m[1mConsolidate compiler generated dependencies of target rc_pwm_pkg__rosidl_typesupport_introspection_c[0m
[1.377s] [ 51%] [32mBuilding CXX object CMakeFiles/rc_pwm_pkg__rosidl_typesupport_fastrtps_c.dir/rosidl_typesupport_fastrtps_c/rc_pwm_pkg/msg/detail/pwm__type_support_c.cpp.o[0m
[1.379s] [ 53%] [32mBuilding CXX object CMakeFiles/rc_pwm_pkg__rosidl_typesupport_fastrtps_c.dir/rosidl_typesupport_fastrtps_c/rc_pwm_pkg/msg/detail/pub_pwm__type_support_c.cpp.o[0m
[1.384s] [ 56%] [32m[1mLinking CXX shared library librc_pwm_pkg__rosidl_typesupport_c.so[0m
[1.388s] [ 58%] [32mBuilding C object CMakeFiles/rc_pwm_pkg__rosidl_typesupport_introspection_c.dir/rosidl_typesupport_introspection_c/rc_pwm_pkg/msg/detail/pwm__type_support.c.o[0m
[1.388s] [ 61%] [32mBuilding C object CMakeFiles/rc_pwm_pkg__rosidl_typesupport_introspection_c.dir/rosidl_typesupport_introspection_c/rc_pwm_pkg/msg/detail/pub_pwm__type_support.c.o[0m
[1.426s] [ 61%] Built target rc_pwm_pkg__rosidl_typesupport_c
[1.426s] [ 64%] [32m[1mLinking C shared library librc_pwm_pkg__rosidl_typesupport_introspection_c.so[0m
[1.455s] [ 64%] Built target rc_pwm_pkg__rosidl_typesupport_introspection_c
[1.495s] [ 66%] [32m[1mLinking CXX shared library librc_pwm_pkg__rosidl_typesupport_cpp.so[0m
[1.532s] [ 66%] Built target rc_pwm_pkg__rosidl_typesupport_cpp
[1.577s] [ 69%] [32m[1mLinking CXX shared library librc_pwm_pkg__rosidl_typesupport_introspection_cpp.so[0m
[1.580s] [ 71%] [32m[1mLinking CXX shared library librc_pwm_pkg__rosidl_typesupport_fastrtps_cpp.so[0m
[1.613s] [ 71%] Built target rc_pwm_pkg__rosidl_typesupport_introspection_cpp
[1.640s] [ 71%] Built target rc_pwm_pkg__rosidl_typesupport_fastrtps_cpp
[1.662s] [ 74%] [32m[1mLinking CXX shared library librc_pwm_pkg__rosidl_typesupport_fastrtps_c.so[0m
[1.716s] [ 74%] Built target rc_pwm_pkg__rosidl_typesupport_fastrtps_c
[1.734s] [ 74%] Built target rc_pwm_pkg
[1.751s] [ 76%] [34m[1mGenerating Python code for ROS interfaces[0m
[1.983s] [ 76%] Built target rc_pwm_pkg__py
[1.991s] [35m[1mConsolidate compiler generated dependencies of target rc_pwm_pkg__rosidl_generator_py[0m
[2.002s] [ 79%] [32mBuilding C object CMakeFiles/rc_pwm_pkg__rosidl_generator_py.dir/rosidl_generator_py/rc_pwm_pkg/msg/_pwm_s.c.o[0m
[2.002s] [ 82%] [32mBuilding C object CMakeFiles/rc_pwm_pkg__rosidl_generator_py.dir/rosidl_generator_py/rc_pwm_pkg/msg/_pub_pwm_s.c.o[0m
[2.091s] [ 84%] [32m[1mLinking C shared library rosidl_generator_py/rc_pwm_pkg/librc_pwm_pkg__rosidl_generator_py.so[0m
[2.123s] [ 84%] Built target rc_pwm_pkg__rosidl_generator_py
[2.132s] [35m[1mConsolidate compiler generated dependencies of target rc_pwm_pkg__rosidl_typesupport_fastrtps_c__pyext[0m
[2.132s] [35m[1mConsolidate compiler generated dependencies of target rc_pwm_pkg__rosidl_typesupport_introspection_c__pyext[0m
[2.133s] [35m[1mConsolidate compiler generated dependencies of target rc_pwm_pkg__rosidl_typesupport_c__pyext[0m
[2.144s] [ 92%] [32mBuilding C object CMakeFiles/rc_pwm_pkg__rosidl_typesupport_c__pyext.dir/rosidl_generator_py/rc_pwm_pkg/_rc_pwm_pkg_s.ep.rosidl_typesupport_c.c.o[0m
[2.144s] [ 92%] [32mBuilding C object CMakeFiles/rc_pwm_pkg__rosidl_typesupport_introspection_c__pyext.dir/rosidl_generator_py/rc_pwm_pkg/_rc_pwm_pkg_s.ep.rosidl_typesupport_introspection_c.c.o[0m
[2.144s] [ 92%] [32mBuilding C object CMakeFiles/rc_pwm_pkg__rosidl_typesupport_fastrtps_c__pyext.dir/rosidl_generator_py/rc_pwm_pkg/_rc_pwm_pkg_s.ep.rosidl_typesupport_fastrtps_c.c.o[0m
[2.210s] [ 97%] [32m[1mLinking C shared library rosidl_generator_py/rc_pwm_pkg/rc_pwm_pkg_s__rosidl_typesupport_introspection_c.cpython-310-x86_64-linux-gnu.so[0m
[2.210s] [ 97%] [32m[1mLinking C shared library rosidl_generator_py/rc_pwm_pkg/rc_pwm_pkg_s__rosidl_typesupport_c.cpython-310-x86_64-linux-gnu.so[0m
[2.213s] [100%] [32m[1mLinking C shared library rosidl_generator_py/rc_pwm_pkg/rc_pwm_pkg_s__rosidl_typesupport_fastrtps_c.cpython-310-x86_64-linux-gnu.so[0m
[2.238s] [100%] Built target rc_pwm_pkg__rosidl_typesupport_introspection_c__pyext
[2.238s] [100%] Built target rc_pwm_pkg__rosidl_typesupport_c__pyext
[2.242s] [100%] Built target rc_pwm_pkg__rosidl_typesupport_fastrtps_c__pyext
[2.253s] Invoked command in '/home/chayakorn/ros_ws/build/rc_pwm_pkg' returned '0': CMAKE_PREFIX_PATH=${CMAKE_PREFIX_PATH}:/home/chayakorn/ros_ws/install/control_pkg:/opt/ros/humble /usr/bin/cmake --build /home/chayakorn/ros_ws/build/rc_pwm_pkg -- -j16 -l16
[2.262s] Invoking command in '/home/chayakorn/ros_ws/build/rc_pwm_pkg': CMAKE_PREFIX_PATH=${CMAKE_PREFIX_PATH}:/home/chayakorn/ros_ws/install/control_pkg:/opt/ros/humble /usr/bin/cmake --install /home/chayakorn/ros_ws/build/rc_pwm_pkg
[2.268s] -- Install configuration: ""
[2.268s] -- Installing: /home/chayakorn/ros_ws/install/rc_pwm_pkg/share/ament_index/resource_index/rosidl_interfaces/rc_pwm_pkg
[2.268s] -- Up-to-date: /home/chayakorn/ros_ws/install/rc_pwm_pkg/include/rc_pwm_pkg/rc_pwm_pkg
[2.268s] -- Up-to-date: /home/chayakorn/ros_ws/install/rc_pwm_pkg/include/rc_pwm_pkg/rc_pwm_pkg/msg
[2.268s] -- Up-to-date: /home/chayakorn/ros_ws/install/rc_pwm_pkg/include/rc_pwm_pkg/rc_pwm_pkg/msg/rosidl_generator_c__visibility_control.h
[2.268s] -- Installing: /home/chayakorn/ros_ws/install/rc_pwm_pkg/include/rc_pwm_pkg/rc_pwm_pkg/msg/pub_pwm.h
[2.268s] -- Up-to-date: /home/chayakorn/ros_ws/install/rc_pwm_pkg/include/rc_pwm_pkg/rc_pwm_pkg/msg/detail
[2.268s] -- Installing: /home/chayakorn/ros_ws/install/rc_pwm_pkg/include/rc_pwm_pkg/rc_pwm_pkg/msg/detail/pub_pwm__functions.c
[2.268s] -- Installing: /home/chayakorn/ros_ws/install/rc_pwm_pkg/include/rc_pwm_pkg/rc_pwm_pkg/msg/detail/pub_pwm__struct.h
[2.269s] -- Installing: /home/chayakorn/ros_ws/install/rc_pwm_pkg/include/rc_pwm_pkg/rc_pwm_pkg/msg/detail/pwm__functions.h
[2.269s] -- Installing: /home/chayakorn/ros_ws/install/rc_pwm_pkg/include/rc_pwm_pkg/rc_pwm_pkg/msg/detail/pwm__type_support.h
[2.269s] -- Installing: /home/chayakorn/ros_ws/install/rc_pwm_pkg/include/rc_pwm_pkg/rc_pwm_pkg/msg/detail/pub_pwm__functions.h
[2.269s] -- Installing: /home/chayakorn/ros_ws/install/rc_pwm_pkg/include/rc_pwm_pkg/rc_pwm_pkg/msg/detail/pwm__struct.h
[2.269s] -- Installing: /home/chayakorn/ros_ws/install/rc_pwm_pkg/include/rc_pwm_pkg/rc_pwm_pkg/msg/detail/pwm__functions.c
[2.269s] -- Installing: /home/chayakorn/ros_ws/install/rc_pwm_pkg/include/rc_pwm_pkg/rc_pwm_pkg/msg/detail/pub_pwm__type_support.h
[2.269s] -- Installing: /home/chayakorn/ros_ws/install/rc_pwm_pkg/include/rc_pwm_pkg/rc_pwm_pkg/msg/pwm.h
[2.269s] -- Up-to-date: /home/chayakorn/ros_ws/install/rc_pwm_pkg/share/rc_pwm_pkg/environment/library_path.sh
[2.269s] -- Installing: /home/chayakorn/ros_ws/install/rc_pwm_pkg/share/rc_pwm_pkg/environment/library_path.dsv
[2.270s] -- Installing: /home/chayakorn/ros_ws/install/rc_pwm_pkg/lib/librc_pwm_pkg__rosidl_generator_c.so
[2.270s] -- Set runtime path of "/home/chayakorn/ros_ws/install/rc_pwm_pkg/lib/librc_pwm_pkg__rosidl_generator_c.so" to ""
[2.270s] -- Up-to-date: /home/chayakorn/ros_ws/install/rc_pwm_pkg/include/rc_pwm_pkg/rc_pwm_pkg
[2.270s] -- Up-to-date: /home/chayakorn/ros_ws/install/rc_pwm_pkg/include/rc_pwm_pkg/rc_pwm_pkg/msg
[2.270s] -- Up-to-date: /home/chayakorn/ros_ws/install/rc_pwm_pkg/include/rc_pwm_pkg/rc_pwm_pkg/msg/detail
[2.270s] -- Installing: /home/chayakorn/ros_ws/install/rc_pwm_pkg/include/rc_pwm_pkg/rc_pwm_pkg/msg/detail/pub_pwm__rosidl_typesupport_fastrtps_c.h
[2.270s] -- Installing: /home/chayakorn/ros_ws/install/rc_pwm_pkg/include/rc_pwm_pkg/rc_pwm_pkg/msg/detail/pwm__rosidl_typesupport_fastrtps_c.h
[2.270s] -- Up-to-date: /home/chayakorn/ros_ws/install/rc_pwm_pkg/include/rc_pwm_pkg/rc_pwm_pkg/msg/rosidl_typesupport_fastrtps_c__visibility_control.h
[2.271s] -- Installing: /home/chayakorn/ros_ws/install/rc_pwm_pkg/lib/librc_pwm_pkg__rosidl_typesupport_fastrtps_c.so
[2.271s] -- Set runtime path of "/home/chayakorn/ros_ws/install/rc_pwm_pkg/lib/librc_pwm_pkg__rosidl_typesupport_fastrtps_c.so" to ""
[2.271s] -- Up-to-date: /home/chayakorn/ros_ws/install/rc_pwm_pkg/include/rc_pwm_pkg/rc_pwm_pkg
[2.271s] -- Up-to-date: /home/chayakorn/ros_ws/install/rc_pwm_pkg/include/rc_pwm_pkg/rc_pwm_pkg/msg
[2.271s] -- Up-to-date: /home/chayakorn/ros_ws/install/rc_pwm_pkg/include/rc_pwm_pkg/rc_pwm_pkg/msg/rosidl_typesupport_introspection_c__visibility_control.h
[2.271s] -- Up-to-date: /home/chayakorn/ros_ws/install/rc_pwm_pkg/include/rc_pwm_pkg/rc_pwm_pkg/msg/detail
[2.271s] -- Installing: /home/chayakorn/ros_ws/install/rc_pwm_pkg/include/rc_pwm_pkg/rc_pwm_pkg/msg/detail/pub_pwm__rosidl_typesupport_introspection_c.h
[2.271s] -- Installing: /home/chayakorn/ros_ws/install/rc_pwm_pkg/include/rc_pwm_pkg/rc_pwm_pkg/msg/detail/pub_pwm__type_support.c
[2.271s] -- Installing: /home/chayakorn/ros_ws/install/rc_pwm_pkg/include/rc_pwm_pkg/rc_pwm_pkg/msg/detail/pwm__type_support.c
[2.271s] -- Installing: /home/chayakorn/ros_ws/install/rc_pwm_pkg/include/rc_pwm_pkg/rc_pwm_pkg/msg/detail/pwm__rosidl_typesupport_introspection_c.h
[2.272s] -- Installing: /home/chayakorn/ros_ws/install/rc_pwm_pkg/lib/librc_pwm_pkg__rosidl_typesupport_introspection_c.so
[2.272s] -- Set runtime path of "/home/chayakorn/ros_ws/install/rc_pwm_pkg/lib/librc_pwm_pkg__rosidl_typesupport_introspection_c.so" to ""
[2.272s] -- Installing: /home/chayakorn/ros_ws/install/rc_pwm_pkg/lib/librc_pwm_pkg__rosidl_typesupport_c.so
[2.272s] -- Set runtime path of "/home/chayakorn/ros_ws/install/rc_pwm_pkg/lib/librc_pwm_pkg__rosidl_typesupport_c.so" to ""
[2.273s] -- Up-to-date: /home/chayakorn/ros_ws/install/rc_pwm_pkg/include/rc_pwm_pkg/rc_pwm_pkg
[2.273s] -- Up-to-date: /home/chayakorn/ros_ws/install/rc_pwm_pkg/include/rc_pwm_pkg/rc_pwm_pkg/msg
[2.273s] -- Installing: /home/chayakorn/ros_ws/install/rc_pwm_pkg/include/rc_pwm_pkg/rc_pwm_pkg/msg/pub_pwm.hpp
[2.273s] -- Up-to-date: /home/chayakorn/ros_ws/install/rc_pwm_pkg/include/rc_pwm_pkg/rc_pwm_pkg/msg/detail
[2.273s] -- Installing: /home/chayakorn/ros_ws/install/rc_pwm_pkg/include/rc_pwm_pkg/rc_pwm_pkg/msg/detail/pub_pwm__traits.hpp
[2.273s] -- Installing: /home/chayakorn/ros_ws/install/rc_pwm_pkg/include/rc_pwm_pkg/rc_pwm_pkg/msg/detail/pwm__builder.hpp
[2.273s] -- Installing: /home/chayakorn/ros_ws/install/rc_pwm_pkg/include/rc_pwm_pkg/rc_pwm_pkg/msg/detail/pub_pwm__builder.hpp
[2.273s] -- Installing: /home/chayakorn/ros_ws/install/rc_pwm_pkg/include/rc_pwm_pkg/rc_pwm_pkg/msg/detail/pub_pwm__struct.hpp
[2.273s] -- Installing: /home/chayakorn/ros_ws/install/rc_pwm_pkg/include/rc_pwm_pkg/rc_pwm_pkg/msg/detail/pwm__traits.hpp
[2.273s] -- Installing: /home/chayakorn/ros_ws/install/rc_pwm_pkg/include/rc_pwm_pkg/rc_pwm_pkg/msg/detail/pwm__struct.hpp
[2.273s] -- Installing: /home/chayakorn/ros_ws/install/rc_pwm_pkg/include/rc_pwm_pkg/rc_pwm_pkg/msg/detail/pwm__type_support.hpp
[2.274s] -- Installing: /home/chayakorn/ros_ws/install/rc_pwm_pkg/include/rc_pwm_pkg/rc_pwm_pkg/msg/detail/pub_pwm__type_support.hpp
[2.274s] -- Installing: /home/chayakorn/ros_ws/install/rc_pwm_pkg/include/rc_pwm_pkg/rc_pwm_pkg/msg/pwm.hpp
[2.274s] -- Up-to-date: /home/chayakorn/ros_ws/install/rc_pwm_pkg/include/rc_pwm_pkg/rc_pwm_pkg/msg/rosidl_generator_cpp__visibility_control.hpp
[2.274s] -- Up-to-date: /home/chayakorn/ros_ws/install/rc_pwm_pkg/include/rc_pwm_pkg/rc_pwm_pkg
[2.274s] -- Up-to-date: /home/chayakorn/ros_ws/install/rc_pwm_pkg/include/rc_pwm_pkg/rc_pwm_pkg/msg
[2.274s] -- Up-to-date: /home/chayakorn/ros_ws/install/rc_pwm_pkg/include/rc_pwm_pkg/rc_pwm_pkg/msg/rosidl_typesupport_fastrtps_cpp__visibility_control.h
[2.274s] -- Up-to-date: /home/chayakorn/ros_ws/install/rc_pwm_pkg/include/rc_pwm_pkg/rc_pwm_pkg/msg/detail
[2.274s] -- Installing: /home/chayakorn/ros_ws/install/rc_pwm_pkg/include/rc_pwm_pkg/rc_pwm_pkg/msg/detail/pwm__rosidl_typesupport_fastrtps_cpp.hpp
[2.274s] -- Installing: /home/chayakorn/ros_ws/install/rc_pwm_pkg/include/rc_pwm_pkg/rc_pwm_pkg/msg/detail/pub_pwm__rosidl_typesupport_fastrtps_cpp.hpp
[2.274s] -- Up-to-date: /home/chayakorn/ros_ws/install/rc_pwm_pkg/include/rc_pwm_pkg/rc_pwm_pkg/msg/detail/dds_fastrtps
[2.274s] -- Installing: /home/chayakorn/ros_ws/install/rc_pwm_pkg/lib/librc_pwm_pkg__rosidl_typesupport_fastrtps_cpp.so
[2.275s] -- Set runtime path of "/home/chayakorn/ros_ws/install/rc_pwm_pkg/lib/librc_pwm_pkg__rosidl_typesupport_fastrtps_cpp.so" to ""
[2.275s] -- Up-to-date: /home/chayakorn/ros_ws/install/rc_pwm_pkg/include/rc_pwm_pkg/rc_pwm_pkg
[2.275s] -- Up-to-date: /home/chayakorn/ros_ws/install/rc_pwm_pkg/include/rc_pwm_pkg/rc_pwm_pkg/msg
[2.275s] -- Up-to-date: /home/chayakorn/ros_ws/install/rc_pwm_pkg/include/rc_pwm_pkg/rc_pwm_pkg/msg/detail
[2.275s] -- Installing: /home/chayakorn/ros_ws/install/rc_pwm_pkg/include/rc_pwm_pkg/rc_pwm_pkg/msg/detail/pub_pwm__type_support.cpp
[2.275s] -- Installing: /home/chayakorn/ros_ws/install/rc_pwm_pkg/include/rc_pwm_pkg/rc_pwm_pkg/msg/detail/pwm__type_support.cpp
[2.275s] -- Installing: /home/chayakorn/ros_ws/install/rc_pwm_pkg/include/rc_pwm_pkg/rc_pwm_pkg/msg/detail/pub_pwm__rosidl_typesupport_introspection_cpp.hpp
[2.275s] -- Installing: /home/chayakorn/ros_ws/install/rc_pwm_pkg/include/rc_pwm_pkg/rc_pwm_pkg/msg/detail/pwm__rosidl_typesupport_introspection_cpp.hpp
[2.275s] -- Installing: /home/chayakorn/ros_ws/install/rc_pwm_pkg/lib/librc_pwm_pkg__rosidl_typesupport_introspection_cpp.so
[2.276s] -- Set runtime path of "/home/chayakorn/ros_ws/install/rc_pwm_pkg/lib/librc_pwm_pkg__rosidl_typesupport_introspection_cpp.so" to ""
[2.276s] -- Installing: /home/chayakorn/ros_ws/install/rc_pwm_pkg/lib/librc_pwm_pkg__rosidl_typesupport_cpp.so
[2.276s] -- Set runtime path of "/home/chayakorn/ros_ws/install/rc_pwm_pkg/lib/librc_pwm_pkg__rosidl_typesupport_cpp.so" to ""
[2.276s] -- Up-to-date: /home/chayakorn/ros_ws/install/rc_pwm_pkg/share/rc_pwm_pkg/environment/pythonpath.sh
[2.276s] -- Installing: /home/chayakorn/ros_ws/install/rc_pwm_pkg/share/rc_pwm_pkg/environment/pythonpath.dsv
[2.276s] -- Up-to-date: /home/chayakorn/ros_ws/install/rc_pwm_pkg/local/lib/python3.10/dist-packages/rc_pwm_pkg-0.0.0-py3.10.egg-info
[2.277s] -- Installing: /home/chayakorn/ros_ws/install/rc_pwm_pkg/local/lib/python3.10/dist-packages/rc_pwm_pkg-0.0.0-py3.10.egg-info/PKG-INFO
[2.277s] -- Installing: /home/chayakorn/ros_ws/install/rc_pwm_pkg/local/lib/python3.10/dist-packages/rc_pwm_pkg-0.0.0-py3.10.egg-info/top_level.txt
[2.277s] -- Installing: /home/chayakorn/ros_ws/install/rc_pwm_pkg/local/lib/python3.10/dist-packages/rc_pwm_pkg-0.0.0-py3.10.egg-info/dependency_links.txt
[2.277s] -- Installing: /home/chayakorn/ros_ws/install/rc_pwm_pkg/local/lib/python3.10/dist-packages/rc_pwm_pkg-0.0.0-py3.10.egg-info/SOURCES.txt
[2.277s] -- Up-to-date: /home/chayakorn/ros_ws/install/rc_pwm_pkg/local/lib/python3.10/dist-packages/rc_pwm_pkg
[2.277s] -- Up-to-date: /home/chayakorn/ros_ws/install/rc_pwm_pkg/local/lib/python3.10/dist-packages/rc_pwm_pkg/msg
[2.277s] -- Installing: /home/chayakorn/ros_ws/install/rc_pwm_pkg/local/lib/python3.10/dist-packages/rc_pwm_pkg/msg/_pwm_s.c
[2.277s] -- Installing: /home/chayakorn/ros_ws/install/rc_pwm_pkg/local/lib/python3.10/dist-packages/rc_pwm_pkg/msg/_pwm.py
[2.277s] -- Installing: /home/chayakorn/ros_ws/install/rc_pwm_pkg/local/lib/python3.10/dist-packages/rc_pwm_pkg/msg/_pub_pwm_s.c
[2.277s] -- Installing: /home/chayakorn/ros_ws/install/rc_pwm_pkg/local/lib/python3.10/dist-packages/rc_pwm_pkg/msg/__init__.py
[2.278s] -- Installing: /home/chayakorn/ros_ws/install/rc_pwm_pkg/local/lib/python3.10/dist-packages/rc_pwm_pkg/msg/_pub_pwm.py
[2.278s] -- Installing: /home/chayakorn/ros_ws/install/rc_pwm_pkg/local/lib/python3.10/dist-packages/rc_pwm_pkg/librc_pwm_pkg__rosidl_generator_py.so
[2.278s] -- Installing: /home/chayakorn/ros_ws/install/rc_pwm_pkg/local/lib/python3.10/dist-packages/rc_pwm_pkg/rc_pwm_pkg_s__rosidl_typesupport_c.cpython-310-x86_64-linux-gnu.so
[2.278s] -- Installing: /home/chayakorn/ros_ws/install/rc_pwm_pkg/local/lib/python3.10/dist-packages/rc_pwm_pkg/__init__.py
[2.278s] -- Installing: /home/chayakorn/ros_ws/install/rc_pwm_pkg/local/lib/python3.10/dist-packages/rc_pwm_pkg/_rc_pwm_pkg_s.ep.rosidl_typesupport_introspection_c.c
[2.278s] -- Installing: /home/chayakorn/ros_ws/install/rc_pwm_pkg/local/lib/python3.10/dist-packages/rc_pwm_pkg/_rc_pwm_pkg_s.ep.rosidl_typesupport_c.c
[2.278s] -- Installing: /home/chayakorn/ros_ws/install/rc_pwm_pkg/local/lib/python3.10/dist-packages/rc_pwm_pkg/rc_pwm_pkg_s__rosidl_typesupport_fastrtps_c.cpython-310-x86_64-linux-gnu.so
[2.279s] -- Installing: /home/chayakorn/ros_ws/install/rc_pwm_pkg/local/lib/python3.10/dist-packages/rc_pwm_pkg/_rc_pwm_pkg_s.ep.rosidl_typesupport_fastrtps_c.c
[2.279s] -- Installing: /home/chayakorn/ros_ws/install/rc_pwm_pkg/local/lib/python3.10/dist-packages/rc_pwm_pkg/rc_pwm_pkg_s__rosidl_typesupport_introspection_c.cpython-310-x86_64-linux-gnu.so
[2.304s] Listing '/home/chayakorn/ros_ws/install/rc_pwm_pkg/local/lib/python3.10/dist-packages/rc_pwm_pkg'...
[2.304s] Compiling '/home/chayakorn/ros_ws/install/rc_pwm_pkg/local/lib/python3.10/dist-packages/rc_pwm_pkg/__init__.py'...
[2.304s] Listing '/home/chayakorn/ros_ws/install/rc_pwm_pkg/local/lib/python3.10/dist-packages/rc_pwm_pkg/msg'...
[2.304s] Compiling '/home/chayakorn/ros_ws/install/rc_pwm_pkg/local/lib/python3.10/dist-packages/rc_pwm_pkg/msg/__init__.py'...
[2.304s] Compiling '/home/chayakorn/ros_ws/install/rc_pwm_pkg/local/lib/python3.10/dist-packages/rc_pwm_pkg/msg/_pub_pwm.py'...
[2.304s] Compiling '/home/chayakorn/ros_ws/install/rc_pwm_pkg/local/lib/python3.10/dist-packages/rc_pwm_pkg/msg/_pwm.py'...
[2.307s] -- Installing: /home/chayakorn/ros_ws/install/rc_pwm_pkg/local/lib/python3.10/dist-packages/rc_pwm_pkg/rc_pwm_pkg_s__rosidl_typesupport_fastrtps_c.cpython-310-x86_64-linux-gnu.so
[2.308s] -- Set runtime path of "/home/chayakorn/ros_ws/install/rc_pwm_pkg/local/lib/python3.10/dist-packages/rc_pwm_pkg/rc_pwm_pkg_s__rosidl_typesupport_fastrtps_c.cpython-310-x86_64-linux-gnu.so" to ""
[2.308s] -- Installing: /home/chayakorn/ros_ws/install/rc_pwm_pkg/local/lib/python3.10/dist-packages/rc_pwm_pkg/rc_pwm_pkg_s__rosidl_typesupport_introspection_c.cpython-310-x86_64-linux-gnu.so
[2.308s] -- Set runtime path of "/home/chayakorn/ros_ws/install/rc_pwm_pkg/local/lib/python3.10/dist-packages/rc_pwm_pkg/rc_pwm_pkg_s__rosidl_typesupport_introspection_c.cpython-310-x86_64-linux-gnu.so" to ""
[2.308s] -- Installing: /home/chayakorn/ros_ws/install/rc_pwm_pkg/local/lib/python3.10/dist-packages/rc_pwm_pkg/rc_pwm_pkg_s__rosidl_typesupport_c.cpython-310-x86_64-linux-gnu.so
[2.309s] -- Set runtime path of "/home/chayakorn/ros_ws/install/rc_pwm_pkg/local/lib/python3.10/dist-packages/rc_pwm_pkg/rc_pwm_pkg_s__rosidl_typesupport_c.cpython-310-x86_64-linux-gnu.so" to ""
[2.309s] -- Installing: /home/chayakorn/ros_ws/install/rc_pwm_pkg/lib/librc_pwm_pkg__rosidl_generator_py.so
[2.309s] -- Set runtime path of "/home/chayakorn/ros_ws/install/rc_pwm_pkg/lib/librc_pwm_pkg__rosidl_generator_py.so" to ""
[2.309s] -- Up-to-date: /home/chayakorn/ros_ws/install/rc_pwm_pkg/share/rc_pwm_pkg/msg/Pwm.idl
[2.309s] -- Installing: /home/chayakorn/ros_ws/install/rc_pwm_pkg/share/rc_pwm_pkg/msg/PubPwm.idl
[2.309s] -- Up-to-date: /home/chayakorn/ros_ws/install/rc_pwm_pkg/share/rc_pwm_pkg/msg/Pwm.msg
[2.309s] -- Installing: /home/chayakorn/ros_ws/install/rc_pwm_pkg/share/rc_pwm_pkg/msg/PubPwm.msg
[2.310s] -- Up-to-date: /home/chayakorn/ros_ws/install/rc_pwm_pkg/share/ament_index/resource_index/package_run_dependencies/rc_pwm_pkg
[2.310s] -- Installing: /home/chayakorn/ros_ws/install/rc_pwm_pkg/share/ament_index/resource_index/parent_prefix_path/rc_pwm_pkg
[2.310s] -- Up-to-date: /home/chayakorn/ros_ws/install/rc_pwm_pkg/share/rc_pwm_pkg/environment/ament_prefix_path.sh
[2.310s] -- Installing: /home/chayakorn/ros_ws/install/rc_pwm_pkg/share/rc_pwm_pkg/environment/ament_prefix_path.dsv
[2.310s] -- Up-to-date: /home/chayakorn/ros_ws/install/rc_pwm_pkg/share/rc_pwm_pkg/environment/path.sh
[2.310s] -- Installing: /home/chayakorn/ros_ws/install/rc_pwm_pkg/share/rc_pwm_pkg/environment/path.dsv
[2.310s] -- Up-to-date: /home/chayakorn/ros_ws/install/rc_pwm_pkg/share/rc_pwm_pkg/local_setup.bash
[2.310s] -- Up-to-date: /home/chayakorn/ros_ws/install/rc_pwm_pkg/share/rc_pwm_pkg/local_setup.sh
[2.310s] -- Up-to-date: /home/chayakorn/ros_ws/install/rc_pwm_pkg/share/rc_pwm_pkg/local_setup.zsh
[2.310s] -- Installing: /home/chayakorn/ros_ws/install/rc_pwm_pkg/share/rc_pwm_pkg/local_setup.dsv
[2.310s] -- Installing: /home/chayakorn/ros_ws/install/rc_pwm_pkg/share/rc_pwm_pkg/package.dsv
[2.310s] -- Up-to-date: /home/chayakorn/ros_ws/install/rc_pwm_pkg/share/ament_index/resource_index/packages/rc_pwm_pkg
[2.311s] -- Up-to-date: /home/chayakorn/ros_ws/install/rc_pwm_pkg/share/rc_pwm_pkg/cmake/export_rc_pwm_pkg__rosidl_generator_cExport.cmake
[2.311s] -- Up-to-date: /home/chayakorn/ros_ws/install/rc_pwm_pkg/share/rc_pwm_pkg/cmake/export_rc_pwm_pkg__rosidl_generator_cExport-noconfig.cmake
[2.311s] -- Up-to-date: /home/chayakorn/ros_ws/install/rc_pwm_pkg/share/rc_pwm_pkg/cmake/export_rc_pwm_pkg__rosidl_typesupport_fastrtps_cExport.cmake
[2.311s] -- Up-to-date: /home/chayakorn/ros_ws/install/rc_pwm_pkg/share/rc_pwm_pkg/cmake/export_rc_pwm_pkg__rosidl_typesupport_fastrtps_cExport-noconfig.cmake
[2.311s] -- Up-to-date: /home/chayakorn/ros_ws/install/rc_pwm_pkg/share/rc_pwm_pkg/cmake/rc_pwm_pkg__rosidl_typesupport_introspection_cExport.cmake
[2.311s] -- Up-to-date: /home/chayakorn/ros_ws/install/rc_pwm_pkg/share/rc_pwm_pkg/cmake/rc_pwm_pkg__rosidl_typesupport_introspection_cExport-noconfig.cmake
[2.311s] -- Up-to-date: /home/chayakorn/ros_ws/install/rc_pwm_pkg/share/rc_pwm_pkg/cmake/rc_pwm_pkg__rosidl_typesupport_cExport.cmake
[2.311s] -- Up-to-date: /home/chayakorn/ros_ws/install/rc_pwm_pkg/share/rc_pwm_pkg/cmake/rc_pwm_pkg__rosidl_typesupport_cExport-noconfig.cmake
[2.311s] -- Up-to-date: /home/chayakorn/ros_ws/install/rc_pwm_pkg/share/rc_pwm_pkg/cmake/export_rc_pwm_pkg__rosidl_generator_cppExport.cmake
[2.311s] -- Up-to-date: /home/chayakorn/ros_ws/install/rc_pwm_pkg/share/rc_pwm_pkg/cmake/export_rc_pwm_pkg__rosidl_typesupport_fastrtps_cppExport.cmake
[2.311s] -- Up-to-date: /home/chayakorn/ros_ws/install/rc_pwm_pkg/share/rc_pwm_pkg/cmake/export_rc_pwm_pkg__rosidl_typesupport_fastrtps_cppExport-noconfig.cmake
[2.311s] -- Up-to-date: /home/chayakorn/ros_ws/install/rc_pwm_pkg/share/rc_pwm_pkg/cmake/rc_pwm_pkg__rosidl_typesupport_introspection_cppExport.cmake
[2.311s] -- Up-to-date: /home/chayakorn/ros_ws/install/rc_pwm_pkg/share/rc_pwm_pkg/cmake/rc_pwm_pkg__rosidl_typesupport_introspection_cppExport-noconfig.cmake
[2.311s] -- Up-to-date: /home/chayakorn/ros_ws/install/rc_pwm_pkg/share/rc_pwm_pkg/cmake/rc_pwm_pkg__rosidl_typesupport_cppExport.cmake
[2.311s] -- Up-to-date: /home/chayakorn/ros_ws/install/rc_pwm_pkg/share/rc_pwm_pkg/cmake/rc_pwm_pkg__rosidl_typesupport_cppExport-noconfig.cmake
[2.311s] -- Up-to-date: /home/chayakorn/ros_ws/install/rc_pwm_pkg/share/rc_pwm_pkg/cmake/export_rc_pwm_pkg__rosidl_generator_pyExport.cmake
[2.311s] -- Up-to-date: /home/chayakorn/ros_ws/install/rc_pwm_pkg/share/rc_pwm_pkg/cmake/export_rc_pwm_pkg__rosidl_generator_pyExport-noconfig.cmake
[2.312s] -- Installing: /home/chayakorn/ros_ws/install/rc_pwm_pkg/share/rc_pwm_pkg/cmake/rosidl_cmake-extras.cmake
[2.312s] -- Up-to-date: /home/chayakorn/ros_ws/install/rc_pwm_pkg/share/rc_pwm_pkg/cmake/ament_cmake_export_include_directories-extras.cmake
[2.312s] -- Up-to-date: /home/chayakorn/ros_ws/install/rc_pwm_pkg/share/rc_pwm_pkg/cmake/ament_cmake_export_libraries-extras.cmake
[2.312s] -- Up-to-date: /home/chayakorn/ros_ws/install/rc_pwm_pkg/share/rc_pwm_pkg/cmake/ament_cmake_export_targets-extras.cmake
[2.312s] -- Up-to-date: /home/chayakorn/ros_ws/install/rc_pwm_pkg/share/rc_pwm_pkg/cmake/rosidl_cmake_export_typesupport_targets-extras.cmake
[2.312s] -- Up-to-date: /home/chayakorn/ros_ws/install/rc_pwm_pkg/share/rc_pwm_pkg/cmake/ament_cmake_export_dependencies-extras.cmake
[2.312s] -- Up-to-date: /home/chayakorn/ros_ws/install/rc_pwm_pkg/share/rc_pwm_pkg/cmake/rosidl_cmake_export_typesupport_libraries-extras.cmake
[2.312s] -- Up-to-date: /home/chayakorn/ros_ws/install/rc_pwm_pkg/share/rc_pwm_pkg/cmake/rc_pwm_pkgConfig.cmake
[2.312s] -- Up-to-date: /home/chayakorn/ros_ws/install/rc_pwm_pkg/share/rc_pwm_pkg/cmake/rc_pwm_pkgConfig-version.cmake
[2.312s] -- Up-to-date: /home/chayakorn/ros_ws/install/rc_pwm_pkg/share/rc_pwm_pkg/package.xml
[2.314s] Invoked command in '/home/chayakorn/ros_ws/build/rc_pwm_pkg' returned '0': CMAKE_PREFIX_PATH=${CMAKE_PREFIX_PATH}:/home/chayakorn/ros_ws/install/control_pkg:/opt/ros/humble /usr/bin/cmake --install /home/chayakorn/ros_ws/build/rc_pwm_pkg
