[0.009s] Invoking command in '/home/chayakorn/ros_ws/build/rc_pwm_pkg': CMAKE_PREFIX_PATH=${CMAKE_PREFIX_PATH}:/home/chayakorn/ros_ws/install/control_pkg:/opt/ros/humble /usr/bin/cmake --build /home/chayakorn/ros_ws/build/rc_pwm_pkg -- -j16 -l16
[0.084s] [35m[1mConsolidate compiler generated dependencies of target rc_pwm_pkg__rosidl_generator_c[0m
[0.092s] [  2%] Built target rc_pwm_pkg__cpp
[0.096s] [ 12%] Built target rc_pwm_pkg__rosidl_generator_c
[0.102s] [ 12%] Built target ament_cmake_python_copy_rc_pwm_pkg
[0.103s] [35m[1mConsolidate compiler generated dependencies of target rc_pwm_pkg__rosidl_typesupport_introspection_cpp[0m
[0.103s] [35m[1mConsolidate compiler generated dependencies of target rc_pwm_pkg__rosidl_typesupport_cpp[0m
[0.103s] [35m[1mConsolidate compiler generated dependencies of target rc_pwm_pkg__rosidl_typesupport_fastrtps_cpp[0m
[0.107s] [35m[1mConsolidate compiler generated dependencies of target rc_pwm_pkg__rosidl_typesupport_c[0m
[0.107s] [35m[1mConsolidate compiler generated dependencies of target rc_pwm_pkg__rosidl_typesupport_introspection_c[0m
[0.107s] [35m[1mConsolidate compiler generated dependencies of target rc_pwm_pkg__rosidl_typesupport_fastrtps_c[0m
[0.121s] [ 66%] Built target rc_pwm_pkg__rosidl_typesupport_introspection_cpp
[0.121s] [ 66%] Built target rc_pwm_pkg__rosidl_typesupport_fastrtps_c
[0.121s] [ 66%] Built target rc_pwm_pkg__rosidl_typesupport_cpp
[0.121s] [ 66%] Built target rc_pwm_pkg__rosidl_typesupport_introspection_c
[0.121s] [ 66%] Built target rc_pwm_pkg__rosidl_typesupport_fastrtps_cpp
[0.121s] [ 74%] Built target rc_pwm_pkg__rosidl_typesupport_c
[0.143s] [ 74%] Built target rc_pwm_pkg
[0.164s] [ 76%] Built target rc_pwm_pkg__py
[0.176s] [35m[1mConsolidate compiler generated dependencies of target rc_pwm_pkg__rosidl_generator_py[0m
[0.191s] [ 84%] Built target rc_pwm_pkg__rosidl_generator_py
[0.201s] [35m[1mConsolidate compiler generated dependencies of target rc_pwm_pkg__rosidl_typesupport_c__pyext[0m
[0.201s] [35m[1mConsolidate compiler generated dependencies of target rc_pwm_pkg__rosidl_typesupport_fastrtps_c__pyext[0m
[0.201s] [35m[1mConsolidate compiler generated dependencies of target rc_pwm_pkg__rosidl_typesupport_introspection_c__pyext[0m
[0.213s] [100%] Built target rc_pwm_pkg__rosidl_typesupport_c__pyext
[0.214s] [100%] Built target rc_pwm_pkg__rosidl_typesupport_fastrtps_c__pyext
[0.214s] [100%] Built target rc_pwm_pkg__rosidl_typesupport_introspection_c__pyext
[0.294s] running egg_info
[0.294s] writing rc_pwm_pkg.egg-info/PKG-INFO
[0.295s] writing dependency_links to rc_pwm_pkg.egg-info/dependency_links.txt
[0.295s] writing top-level names to rc_pwm_pkg.egg-info/top_level.txt
[0.297s] reading manifest file 'rc_pwm_pkg.egg-info/SOURCES.txt'
[0.297s] writing manifest file 'rc_pwm_pkg.egg-info/SOURCES.txt'
[0.322s] [100%] Built target ament_cmake_python_build_rc_pwm_pkg_egg
[0.340s] Invoked command in '/home/chayakorn/ros_ws/build/rc_pwm_pkg' returned '0': CMAKE_PREFIX_PATH=${CMAKE_PREFIX_PATH}:/home/chayakorn/ros_ws/install/control_pkg:/opt/ros/humble /usr/bin/cmake --build /home/chayakorn/ros_ws/build/rc_pwm_pkg -- -j16 -l16
[0.354s] Invoking command in '/home/chayakorn/ros_ws/build/rc_pwm_pkg': CMAKE_PREFIX_PATH=${CMAKE_PREFIX_PATH}:/home/chayakorn/ros_ws/install/control_pkg:/opt/ros/humble /usr/bin/cmake --install /home/chayakorn/ros_ws/build/rc_pwm_pkg
[0.364s] -- Install configuration: ""
[0.364s] -- Up-to-date: /home/chayakorn/ros_ws/install/rc_pwm_pkg/share/ament_index/resource_index/rosidl_interfaces/rc_pwm_pkg
[0.364s] -- Up-to-date: /home/chayakorn/ros_ws/install/rc_pwm_pkg/include/rc_pwm_pkg/rc_pwm_pkg
[0.364s] -- Up-to-date: /home/chayakorn/ros_ws/install/rc_pwm_pkg/include/rc_pwm_pkg/rc_pwm_pkg/msg
[0.364s] -- Up-to-date: /home/chayakorn/ros_ws/install/rc_pwm_pkg/include/rc_pwm_pkg/rc_pwm_pkg/msg/rosidl_generator_c__visibility_control.h
[0.364s] -- Up-to-date: /home/chayakorn/ros_ws/install/rc_pwm_pkg/include/rc_pwm_pkg/rc_pwm_pkg/msg/pub_pwm.h
[0.364s] -- Up-to-date: /home/chayakorn/ros_ws/install/rc_pwm_pkg/include/rc_pwm_pkg/rc_pwm_pkg/msg/detail
[0.365s] -- Up-to-date: /home/chayakorn/ros_ws/install/rc_pwm_pkg/include/rc_pwm_pkg/rc_pwm_pkg/msg/detail/pub_pwm__functions.c
[0.365s] -- Up-to-date: /home/chayakorn/ros_ws/install/rc_pwm_pkg/include/rc_pwm_pkg/rc_pwm_pkg/msg/detail/pub_pwm__struct.h
[0.365s] -- Up-to-date: /home/chayakorn/ros_ws/install/rc_pwm_pkg/include/rc_pwm_pkg/rc_pwm_pkg/msg/detail/pwm__functions.h
[0.365s] -- Up-to-date: /home/chayakorn/ros_ws/install/rc_pwm_pkg/include/rc_pwm_pkg/rc_pwm_pkg/msg/detail/pwm__type_support.h
[0.365s] -- Up-to-date: /home/chayakorn/ros_ws/install/rc_pwm_pkg/include/rc_pwm_pkg/rc_pwm_pkg/msg/detail/pub_pwm__functions.h
[0.365s] -- Up-to-date: /home/chayakorn/ros_ws/install/rc_pwm_pkg/include/rc_pwm_pkg/rc_pwm_pkg/msg/detail/pwm__struct.h
[0.365s] -- Up-to-date: /home/chayakorn/ros_ws/install/rc_pwm_pkg/include/rc_pwm_pkg/rc_pwm_pkg/msg/detail/pwm__functions.c
[0.365s] -- Up-to-date: /home/chayakorn/ros_ws/install/rc_pwm_pkg/include/rc_pwm_pkg/rc_pwm_pkg/msg/detail/pub_pwm__type_support.h
[0.365s] -- Up-to-date: /home/chayakorn/ros_ws/install/rc_pwm_pkg/include/rc_pwm_pkg/rc_pwm_pkg/msg/pwm.h
[0.365s] -- Up-to-date: /home/chayakorn/ros_ws/install/rc_pwm_pkg/share/rc_pwm_pkg/environment/library_path.sh
[0.365s] -- Up-to-date: /home/chayakorn/ros_ws/install/rc_pwm_pkg/share/rc_pwm_pkg/environment/library_path.dsv
[0.365s] -- Up-to-date: /home/chayakorn/ros_ws/install/rc_pwm_pkg/lib/librc_pwm_pkg__rosidl_generator_c.so
[0.365s] -- Up-to-date: /home/chayakorn/ros_ws/install/rc_pwm_pkg/include/rc_pwm_pkg/rc_pwm_pkg
[0.365s] -- Up-to-date: /home/chayakorn/ros_ws/install/rc_pwm_pkg/include/rc_pwm_pkg/rc_pwm_pkg/msg
[0.365s] -- Up-to-date: /home/chayakorn/ros_ws/install/rc_pwm_pkg/include/rc_pwm_pkg/rc_pwm_pkg/msg/detail
[0.365s] -- Up-to-date: /home/chayakorn/ros_ws/install/rc_pwm_pkg/include/rc_pwm_pkg/rc_pwm_pkg/msg/detail/pub_pwm__rosidl_typesupport_fastrtps_c.h
[0.365s] -- Up-to-date: /home/chayakorn/ros_ws/install/rc_pwm_pkg/include/rc_pwm_pkg/rc_pwm_pkg/msg/detail/pwm__rosidl_typesupport_fastrtps_c.h
[0.365s] -- Up-to-date: /home/chayakorn/ros_ws/install/rc_pwm_pkg/include/rc_pwm_pkg/rc_pwm_pkg/msg/rosidl_typesupport_fastrtps_c__visibility_control.h
[0.365s] -- Up-to-date: /home/chayakorn/ros_ws/install/rc_pwm_pkg/lib/librc_pwm_pkg__rosidl_typesupport_fastrtps_c.so
[0.366s] -- Up-to-date: /home/chayakorn/ros_ws/install/rc_pwm_pkg/include/rc_pwm_pkg/rc_pwm_pkg
[0.366s] -- Up-to-date: /home/chayakorn/ros_ws/install/rc_pwm_pkg/include/rc_pwm_pkg/rc_pwm_pkg/msg
[0.366s] -- Up-to-date: /home/chayakorn/ros_ws/install/rc_pwm_pkg/include/rc_pwm_pkg/rc_pwm_pkg/msg/rosidl_typesupport_introspection_c__visibility_control.h
[0.366s] -- Up-to-date: /home/chayakorn/ros_ws/install/rc_pwm_pkg/include/rc_pwm_pkg/rc_pwm_pkg/msg/detail
[0.366s] -- Up-to-date: /home/chayakorn/ros_ws/install/rc_pwm_pkg/include/rc_pwm_pkg/rc_pwm_pkg/msg/detail/pub_pwm__rosidl_typesupport_introspection_c.h
[0.366s] -- Up-to-date: /home/chayakorn/ros_ws/install/rc_pwm_pkg/include/rc_pwm_pkg/rc_pwm_pkg/msg/detail/pub_pwm__type_support.c
[0.366s] -- Up-to-date: /home/chayakorn/ros_ws/install/rc_pwm_pkg/include/rc_pwm_pkg/rc_pwm_pkg/msg/detail/pwm__type_support.c
[0.366s] -- Up-to-date: /home/chayakorn/ros_ws/install/rc_pwm_pkg/include/rc_pwm_pkg/rc_pwm_pkg/msg/detail/pwm__rosidl_typesupport_introspection_c.h
[0.366s] -- Up-to-date: /home/chayakorn/ros_ws/install/rc_pwm_pkg/lib/librc_pwm_pkg__rosidl_typesupport_introspection_c.so
[0.366s] -- Up-to-date: /home/chayakorn/ros_ws/install/rc_pwm_pkg/lib/librc_pwm_pkg__rosidl_typesupport_c.so
[0.367s] -- Up-to-date: /home/chayakorn/ros_ws/install/rc_pwm_pkg/include/rc_pwm_pkg/rc_pwm_pkg
[0.367s] -- Up-to-date: /home/chayakorn/ros_ws/install/rc_pwm_pkg/include/rc_pwm_pkg/rc_pwm_pkg/msg
[0.367s] -- Up-to-date: /home/chayakorn/ros_ws/install/rc_pwm_pkg/include/rc_pwm_pkg/rc_pwm_pkg/msg/pub_pwm.hpp
[0.367s] -- Up-to-date: /home/chayakorn/ros_ws/install/rc_pwm_pkg/include/rc_pwm_pkg/rc_pwm_pkg/msg/detail
[0.367s] -- Up-to-date: /home/chayakorn/ros_ws/install/rc_pwm_pkg/include/rc_pwm_pkg/rc_pwm_pkg/msg/detail/pub_pwm__traits.hpp
[0.367s] -- Up-to-date: /home/chayakorn/ros_ws/install/rc_pwm_pkg/include/rc_pwm_pkg/rc_pwm_pkg/msg/detail/pwm__builder.hpp
[0.367s] -- Up-to-date: /home/chayakorn/ros_ws/install/rc_pwm_pkg/include/rc_pwm_pkg/rc_pwm_pkg/msg/detail/pub_pwm__builder.hpp
[0.367s] -- Up-to-date: /home/chayakorn/ros_ws/install/rc_pwm_pkg/include/rc_pwm_pkg/rc_pwm_pkg/msg/detail/pub_pwm__struct.hpp
[0.367s] -- Up-to-date: /home/chayakorn/ros_ws/install/rc_pwm_pkg/include/rc_pwm_pkg/rc_pwm_pkg/msg/detail/pwm__traits.hpp
[0.367s] -- Up-to-date: /home/chayakorn/ros_ws/install/rc_pwm_pkg/include/rc_pwm_pkg/rc_pwm_pkg/msg/detail/pwm__struct.hpp
[0.367s] -- Up-to-date: /home/chayakorn/ros_ws/install/rc_pwm_pkg/include/rc_pwm_pkg/rc_pwm_pkg/msg/detail/pwm__type_support.hpp
[0.367s] -- Up-to-date: /home/chayakorn/ros_ws/install/rc_pwm_pkg/include/rc_pwm_pkg/rc_pwm_pkg/msg/detail/pub_pwm__type_support.hpp
[0.367s] -- Up-to-date: /home/chayakorn/ros_ws/install/rc_pwm_pkg/include/rc_pwm_pkg/rc_pwm_pkg/msg/pwm.hpp
[0.367s] -- Up-to-date: /home/chayakorn/ros_ws/install/rc_pwm_pkg/include/rc_pwm_pkg/rc_pwm_pkg/msg/rosidl_generator_cpp__visibility_control.hpp
[0.367s] -- Up-to-date: /home/chayakorn/ros_ws/install/rc_pwm_pkg/include/rc_pwm_pkg/rc_pwm_pkg
[0.367s] -- Up-to-date: /home/chayakorn/ros_ws/install/rc_pwm_pkg/include/rc_pwm_pkg/rc_pwm_pkg/msg
[0.367s] -- Up-to-date: /home/chayakorn/ros_ws/install/rc_pwm_pkg/include/rc_pwm_pkg/rc_pwm_pkg/msg/rosidl_typesupport_fastrtps_cpp__visibility_control.h
[0.368s] -- Up-to-date: /home/chayakorn/ros_ws/install/rc_pwm_pkg/include/rc_pwm_pkg/rc_pwm_pkg/msg/detail
[0.368s] -- Up-to-date: /home/chayakorn/ros_ws/install/rc_pwm_pkg/include/rc_pwm_pkg/rc_pwm_pkg/msg/detail/pwm__rosidl_typesupport_fastrtps_cpp.hpp
[0.368s] -- Up-to-date: /home/chayakorn/ros_ws/install/rc_pwm_pkg/include/rc_pwm_pkg/rc_pwm_pkg/msg/detail/pub_pwm__rosidl_typesupport_fastrtps_cpp.hpp
[0.368s] -- Up-to-date: /home/chayakorn/ros_ws/install/rc_pwm_pkg/include/rc_pwm_pkg/rc_pwm_pkg/msg/detail/dds_fastrtps
[0.368s] -- Up-to-date: /home/chayakorn/ros_ws/install/rc_pwm_pkg/lib/librc_pwm_pkg__rosidl_typesupport_fastrtps_cpp.so
[0.368s] -- Up-to-date: /home/chayakorn/ros_ws/install/rc_pwm_pkg/include/rc_pwm_pkg/rc_pwm_pkg
[0.368s] -- Up-to-date: /home/chayakorn/ros_ws/install/rc_pwm_pkg/include/rc_pwm_pkg/rc_pwm_pkg/msg
[0.368s] -- Up-to-date: /home/chayakorn/ros_ws/install/rc_pwm_pkg/include/rc_pwm_pkg/rc_pwm_pkg/msg/detail
[0.368s] -- Up-to-date: /home/chayakorn/ros_ws/install/rc_pwm_pkg/include/rc_pwm_pkg/rc_pwm_pkg/msg/detail/pub_pwm__type_support.cpp
[0.368s] -- Up-to-date: /home/chayakorn/ros_ws/install/rc_pwm_pkg/include/rc_pwm_pkg/rc_pwm_pkg/msg/detail/pwm__type_support.cpp
[0.368s] -- Up-to-date: /home/chayakorn/ros_ws/install/rc_pwm_pkg/include/rc_pwm_pkg/rc_pwm_pkg/msg/detail/pub_pwm__rosidl_typesupport_introspection_cpp.hpp
[0.368s] -- Up-to-date: /home/chayakorn/ros_ws/install/rc_pwm_pkg/include/rc_pwm_pkg/rc_pwm_pkg/msg/detail/pwm__rosidl_typesupport_introspection_cpp.hpp
[0.368s] -- Up-to-date: /home/chayakorn/ros_ws/install/rc_pwm_pkg/lib/librc_pwm_pkg__rosidl_typesupport_introspection_cpp.so
[0.368s] -- Up-to-date: /home/chayakorn/ros_ws/install/rc_pwm_pkg/lib/librc_pwm_pkg__rosidl_typesupport_cpp.so
[0.369s] -- Up-to-date: /home/chayakorn/ros_ws/install/rc_pwm_pkg/share/rc_pwm_pkg/environment/pythonpath.sh
[0.369s] -- Up-to-date: /home/chayakorn/ros_ws/install/rc_pwm_pkg/share/rc_pwm_pkg/environment/pythonpath.dsv
[0.369s] -- Up-to-date: /home/chayakorn/ros_ws/install/rc_pwm_pkg/local/lib/python3.10/dist-packages/rc_pwm_pkg-0.0.0-py3.10.egg-info
[0.369s] -- Installing: /home/chayakorn/ros_ws/install/rc_pwm_pkg/local/lib/python3.10/dist-packages/rc_pwm_pkg-0.0.0-py3.10.egg-info/PKG-INFO
[0.369s] -- Installing: /home/chayakorn/ros_ws/install/rc_pwm_pkg/local/lib/python3.10/dist-packages/rc_pwm_pkg-0.0.0-py3.10.egg-info/top_level.txt
[0.369s] -- Installing: /home/chayakorn/ros_ws/install/rc_pwm_pkg/local/lib/python3.10/dist-packages/rc_pwm_pkg-0.0.0-py3.10.egg-info/dependency_links.txt
[0.369s] -- Installing: /home/chayakorn/ros_ws/install/rc_pwm_pkg/local/lib/python3.10/dist-packages/rc_pwm_pkg-0.0.0-py3.10.egg-info/SOURCES.txt
[0.369s] -- Up-to-date: /home/chayakorn/ros_ws/install/rc_pwm_pkg/local/lib/python3.10/dist-packages/rc_pwm_pkg
[0.369s] -- Up-to-date: /home/chayakorn/ros_ws/install/rc_pwm_pkg/local/lib/python3.10/dist-packages/rc_pwm_pkg/msg
[0.370s] -- Up-to-date: /home/chayakorn/ros_ws/install/rc_pwm_pkg/local/lib/python3.10/dist-packages/rc_pwm_pkg/msg/_pwm_s.c
[0.370s] -- Up-to-date: /home/chayakorn/ros_ws/install/rc_pwm_pkg/local/lib/python3.10/dist-packages/rc_pwm_pkg/msg/_pwm.py
[0.370s] -- Up-to-date: /home/chayakorn/ros_ws/install/rc_pwm_pkg/local/lib/python3.10/dist-packages/rc_pwm_pkg/msg/_pub_pwm_s.c
[0.370s] -- Up-to-date: /home/chayakorn/ros_ws/install/rc_pwm_pkg/local/lib/python3.10/dist-packages/rc_pwm_pkg/msg/__init__.py
[0.370s] -- Up-to-date: /home/chayakorn/ros_ws/install/rc_pwm_pkg/local/lib/python3.10/dist-packages/rc_pwm_pkg/msg/_pub_pwm.py
[0.370s] -- Up-to-date: /home/chayakorn/ros_ws/install/rc_pwm_pkg/local/lib/python3.10/dist-packages/rc_pwm_pkg/librc_pwm_pkg__rosidl_generator_py.so
[0.370s] -- Up-to-date: /home/chayakorn/ros_ws/install/rc_pwm_pkg/local/lib/python3.10/dist-packages/rc_pwm_pkg/rc_pwm_pkg_s__rosidl_typesupport_c.cpython-310-x86_64-linux-gnu.so
[0.370s] -- Up-to-date: /home/chayakorn/ros_ws/install/rc_pwm_pkg/local/lib/python3.10/dist-packages/rc_pwm_pkg/__init__.py
[0.370s] -- Up-to-date: /home/chayakorn/ros_ws/install/rc_pwm_pkg/local/lib/python3.10/dist-packages/rc_pwm_pkg/_rc_pwm_pkg_s.ep.rosidl_typesupport_introspection_c.c
[0.370s] -- Up-to-date: /home/chayakorn/ros_ws/install/rc_pwm_pkg/local/lib/python3.10/dist-packages/rc_pwm_pkg/_rc_pwm_pkg_s.ep.rosidl_typesupport_c.c
[0.370s] -- Up-to-date: /home/chayakorn/ros_ws/install/rc_pwm_pkg/local/lib/python3.10/dist-packages/rc_pwm_pkg/rc_pwm_pkg_s__rosidl_typesupport_fastrtps_c.cpython-310-x86_64-linux-gnu.so
[0.370s] -- Up-to-date: /home/chayakorn/ros_ws/install/rc_pwm_pkg/local/lib/python3.10/dist-packages/rc_pwm_pkg/_rc_pwm_pkg_s.ep.rosidl_typesupport_fastrtps_c.c
[0.370s] -- Up-to-date: /home/chayakorn/ros_ws/install/rc_pwm_pkg/local/lib/python3.10/dist-packages/rc_pwm_pkg/rc_pwm_pkg_s__rosidl_typesupport_introspection_c.cpython-310-x86_64-linux-gnu.so
[0.399s] Listing '/home/chayakorn/ros_ws/install/rc_pwm_pkg/local/lib/python3.10/dist-packages/rc_pwm_pkg'...
[0.399s] Listing '/home/chayakorn/ros_ws/install/rc_pwm_pkg/local/lib/python3.10/dist-packages/rc_pwm_pkg/msg'...
[0.405s] -- Up-to-date: /home/chayakorn/ros_ws/install/rc_pwm_pkg/local/lib/python3.10/dist-packages/rc_pwm_pkg/rc_pwm_pkg_s__rosidl_typesupport_fastrtps_c.cpython-310-x86_64-linux-gnu.so
[0.405s] -- Up-to-date: /home/chayakorn/ros_ws/install/rc_pwm_pkg/local/lib/python3.10/dist-packages/rc_pwm_pkg/rc_pwm_pkg_s__rosidl_typesupport_introspection_c.cpython-310-x86_64-linux-gnu.so
[0.406s] -- Up-to-date: /home/chayakorn/ros_ws/install/rc_pwm_pkg/local/lib/python3.10/dist-packages/rc_pwm_pkg/rc_pwm_pkg_s__rosidl_typesupport_c.cpython-310-x86_64-linux-gnu.so
[0.407s] -- Up-to-date: /home/chayakorn/ros_ws/install/rc_pwm_pkg/lib/librc_pwm_pkg__rosidl_generator_py.so
[0.407s] -- Up-to-date: /home/chayakorn/ros_ws/install/rc_pwm_pkg/share/rc_pwm_pkg/msg/Pwm.idl
[0.407s] -- Up-to-date: /home/chayakorn/ros_ws/install/rc_pwm_pkg/share/rc_pwm_pkg/msg/PubPwm.idl
[0.407s] -- Up-to-date: /home/chayakorn/ros_ws/install/rc_pwm_pkg/share/rc_pwm_pkg/msg/Pwm.msg
[0.407s] -- Up-to-date: /home/chayakorn/ros_ws/install/rc_pwm_pkg/share/rc_pwm_pkg/msg/PubPwm.msg
[0.407s] -- Up-to-date: /home/chayakorn/ros_ws/install/rc_pwm_pkg/share/ament_index/resource_index/package_run_dependencies/rc_pwm_pkg
[0.407s] -- Up-to-date: /home/chayakorn/ros_ws/install/rc_pwm_pkg/share/ament_index/resource_index/parent_prefix_path/rc_pwm_pkg
[0.407s] -- Up-to-date: /home/chayakorn/ros_ws/install/rc_pwm_pkg/share/rc_pwm_pkg/environment/ament_prefix_path.sh
[0.407s] -- Up-to-date: /home/chayakorn/ros_ws/install/rc_pwm_pkg/share/rc_pwm_pkg/environment/ament_prefix_path.dsv
[0.407s] -- Up-to-date: /home/chayakorn/ros_ws/install/rc_pwm_pkg/share/rc_pwm_pkg/environment/path.sh
[0.407s] -- Up-to-date: /home/chayakorn/ros_ws/install/rc_pwm_pkg/share/rc_pwm_pkg/environment/path.dsv
[0.407s] -- Up-to-date: /home/chayakorn/ros_ws/install/rc_pwm_pkg/share/rc_pwm_pkg/local_setup.bash
[0.407s] -- Up-to-date: /home/chayakorn/ros_ws/install/rc_pwm_pkg/share/rc_pwm_pkg/local_setup.sh
[0.408s] -- Up-to-date: /home/chayakorn/ros_ws/install/rc_pwm_pkg/share/rc_pwm_pkg/local_setup.zsh
[0.408s] -- Up-to-date: /home/chayakorn/ros_ws/install/rc_pwm_pkg/share/rc_pwm_pkg/local_setup.dsv
[0.408s] -- Installing: /home/chayakorn/ros_ws/install/rc_pwm_pkg/share/rc_pwm_pkg/package.dsv
[0.408s] -- Up-to-date: /home/chayakorn/ros_ws/install/rc_pwm_pkg/share/ament_index/resource_index/packages/rc_pwm_pkg
[0.408s] -- Up-to-date: /home/chayakorn/ros_ws/install/rc_pwm_pkg/share/rc_pwm_pkg/cmake/export_rc_pwm_pkg__rosidl_generator_cExport.cmake
[0.408s] -- Up-to-date: /home/chayakorn/ros_ws/install/rc_pwm_pkg/share/rc_pwm_pkg/cmake/export_rc_pwm_pkg__rosidl_generator_cExport-noconfig.cmake
[0.408s] -- Up-to-date: /home/chayakorn/ros_ws/install/rc_pwm_pkg/share/rc_pwm_pkg/cmake/export_rc_pwm_pkg__rosidl_typesupport_fastrtps_cExport.cmake
[0.408s] -- Up-to-date: /home/chayakorn/ros_ws/install/rc_pwm_pkg/share/rc_pwm_pkg/cmake/export_rc_pwm_pkg__rosidl_typesupport_fastrtps_cExport-noconfig.cmake
[0.408s] -- Up-to-date: /home/chayakorn/ros_ws/install/rc_pwm_pkg/share/rc_pwm_pkg/cmake/rc_pwm_pkg__rosidl_typesupport_introspection_cExport.cmake
[0.409s] -- Up-to-date: /home/chayakorn/ros_ws/install/rc_pwm_pkg/share/rc_pwm_pkg/cmake/rc_pwm_pkg__rosidl_typesupport_introspection_cExport-noconfig.cmake
[0.409s] -- Up-to-date: /home/chayakorn/ros_ws/install/rc_pwm_pkg/share/rc_pwm_pkg/cmake/rc_pwm_pkg__rosidl_typesupport_cExport.cmake
[0.409s] -- Up-to-date: /home/chayakorn/ros_ws/install/rc_pwm_pkg/share/rc_pwm_pkg/cmake/rc_pwm_pkg__rosidl_typesupport_cExport-noconfig.cmake
[0.409s] -- Up-to-date: /home/chayakorn/ros_ws/install/rc_pwm_pkg/share/rc_pwm_pkg/cmake/export_rc_pwm_pkg__rosidl_generator_cppExport.cmake
[0.410s] -- Up-to-date: /home/chayakorn/ros_ws/install/rc_pwm_pkg/share/rc_pwm_pkg/cmake/export_rc_pwm_pkg__rosidl_typesupport_fastrtps_cppExport.cmake
[0.410s] -- Up-to-date: /home/chayakorn/ros_ws/install/rc_pwm_pkg/share/rc_pwm_pkg/cmake/export_rc_pwm_pkg__rosidl_typesupport_fastrtps_cppExport-noconfig.cmake
[0.410s] -- Up-to-date: /home/chayakorn/ros_ws/install/rc_pwm_pkg/share/rc_pwm_pkg/cmake/rc_pwm_pkg__rosidl_typesupport_introspection_cppExport.cmake
[0.410s] -- Up-to-date: /home/chayakorn/ros_ws/install/rc_pwm_pkg/share/rc_pwm_pkg/cmake/rc_pwm_pkg__rosidl_typesupport_introspection_cppExport-noconfig.cmake
[0.411s] -- Up-to-date: /home/chayakorn/ros_ws/install/rc_pwm_pkg/share/rc_pwm_pkg/cmake/rc_pwm_pkg__rosidl_typesupport_cppExport.cmake
[0.411s] -- Up-to-date: /home/chayakorn/ros_ws/install/rc_pwm_pkg/share/rc_pwm_pkg/cmake/rc_pwm_pkg__rosidl_typesupport_cppExport-noconfig.cmake
[0.411s] -- Up-to-date: /home/chayakorn/ros_ws/install/rc_pwm_pkg/share/rc_pwm_pkg/cmake/export_rc_pwm_pkg__rosidl_generator_pyExport.cmake
[0.411s] -- Up-to-date: /home/chayakorn/ros_ws/install/rc_pwm_pkg/share/rc_pwm_pkg/cmake/export_rc_pwm_pkg__rosidl_generator_pyExport-noconfig.cmake
[0.411s] -- Up-to-date: /home/chayakorn/ros_ws/install/rc_pwm_pkg/share/rc_pwm_pkg/cmake/rosidl_cmake-extras.cmake
[0.411s] -- Up-to-date: /home/chayakorn/ros_ws/install/rc_pwm_pkg/share/rc_pwm_pkg/cmake/ament_cmake_export_include_directories-extras.cmake
[0.412s] -- Up-to-date: /home/chayakorn/ros_ws/install/rc_pwm_pkg/share/rc_pwm_pkg/cmake/ament_cmake_export_libraries-extras.cmake
[0.412s] -- Up-to-date: /home/chayakorn/ros_ws/install/rc_pwm_pkg/share/rc_pwm_pkg/cmake/ament_cmake_export_targets-extras.cmake
[0.412s] -- Up-to-date: /home/chayakorn/ros_ws/install/rc_pwm_pkg/share/rc_pwm_pkg/cmake/rosidl_cmake_export_typesupport_targets-extras.cmake
[0.412s] -- Up-to-date: /home/chayakorn/ros_ws/install/rc_pwm_pkg/share/rc_pwm_pkg/cmake/ament_cmake_export_dependencies-extras.cmake
[0.412s] -- Up-to-date: /home/chayakorn/ros_ws/install/rc_pwm_pkg/share/rc_pwm_pkg/cmake/rosidl_cmake_export_typesupport_libraries-extras.cmake
[0.412s] -- Up-to-date: /home/chayakorn/ros_ws/install/rc_pwm_pkg/share/rc_pwm_pkg/cmake/rc_pwm_pkgConfig.cmake
[0.412s] -- Up-to-date: /home/chayakorn/ros_ws/install/rc_pwm_pkg/share/rc_pwm_pkg/cmake/rc_pwm_pkgConfig-version.cmake
[0.412s] -- Up-to-date: /home/chayakorn/ros_ws/install/rc_pwm_pkg/share/rc_pwm_pkg/package.xml
[0.416s] Invoked command in '/home/chayakorn/ros_ws/build/rc_pwm_pkg' returned '0': CMAKE_PREFIX_PATH=${CMAKE_PREFIX_PATH}:/home/chayakorn/ros_ws/install/control_pkg:/opt/ros/humble /usr/bin/cmake --install /home/chayakorn/ros_ws/build/rc_pwm_pkg
