[ 10%] Built target rc_pwm_pkg__rosidl_generator_c
[ 12%] Built target rc_pwm_pkg__cpp
[ 12%] Built target ament_cmake_python_copy_rc_pwm_pkg
[ 30%] Built target rc_pwm_pkg__rosidl_typesupport_introspection_c
[ 33%] Built target rc_pwm_pkg__rosidl_typesupport_fastrtps_c
[ 43%] Built target rc_pwm_pkg__rosidl_typesupport_c
[ 53%] Built target rc_pwm_pkg__rosidl_typesupport_fastrtps_cpp
[ 64%] Built target rc_pwm_pkg__rosidl_typesupport_introspection_cpp
[ 74%] Built target rc_pwm_pkg__rosidl_typesupport_cpp
[ 74%] Built target rc_pwm_pkg
[ 76%] Built target rc_pwm_pkg__py
[ 84%] Built target rc_pwm_pkg__rosidl_generator_py
[100%] Built target rc_pwm_pkg__rosidl_typesupport_introspection_c__pyext
[100%] Built target rc_pwm_pkg__rosidl_typesupport_c__pyext
[100%] Built target rc_pwm_pkg__rosidl_typesupport_fastrtps_c__pyext
running egg_info
writing rc_pwm_pkg.egg-info/PKG-INFO
writing dependency_links to rc_pwm_pkg.egg-info/dependency_links.txt
writing top-level names to rc_pwm_pkg.egg-info/top_level.txt
reading manifest file 'rc_pwm_pkg.egg-info/SOURCES.txt'
writing manifest file 'rc_pwm_pkg.egg-info/SOURCES.txt'
[100%] Built target ament_cmake_python_build_rc_pwm_pkg_egg
-- Install configuration: ""
-- Up-to-date: /home/chayakorn/ros_ws/install/rc_pwm_pkg/share/ament_index/resource_index/rosidl_interfaces/rc_pwm_pkg
-- Up-to-date: /home/chayakorn/ros_ws/install/rc_pwm_pkg/include/rc_pwm_pkg/rc_pwm_pkg
-- Up-to-date: /home/chayakorn/ros_ws/install/rc_pwm_pkg/include/rc_pwm_pkg/rc_pwm_pkg/msg
-- Up-to-date: /home/chayakorn/ros_ws/install/rc_pwm_pkg/include/rc_pwm_pkg/rc_pwm_pkg/msg/rosidl_generator_c__visibility_control.h
-- Up-to-date: /home/chayakorn/ros_ws/install/rc_pwm_pkg/include/rc_pwm_pkg/rc_pwm_pkg/msg/pub_pwm.h
-- Up-to-date: /home/chayakorn/ros_ws/install/rc_pwm_pkg/include/rc_pwm_pkg/rc_pwm_pkg/msg/detail
-- Up-to-date: /home/chayakorn/ros_ws/install/rc_pwm_pkg/include/rc_pwm_pkg/rc_pwm_pkg/msg/detail/pub_pwm__functions.c
-- Up-to-date: /home/chayakorn/ros_ws/install/rc_pwm_pkg/include/rc_pwm_pkg/rc_pwm_pkg/msg/detail/pub_pwm__struct.h
-- Up-to-date: /home/chayakorn/ros_ws/install/rc_pwm_pkg/include/rc_pwm_pkg/rc_pwm_pkg/msg/detail/pwm__functions.h
-- Up-to-date: /home/chayakorn/ros_ws/install/rc_pwm_pkg/include/rc_pwm_pkg/rc_pwm_pkg/msg/detail/pwm__type_support.h
-- Up-to-date: /home/chayakorn/ros_ws/install/rc_pwm_pkg/include/rc_pwm_pkg/rc_pwm_pkg/msg/detail/pub_pwm__functions.h
-- Up-to-date: /home/chayakorn/ros_ws/install/rc_pwm_pkg/include/rc_pwm_pkg/rc_pwm_pkg/msg/detail/pwm__struct.h
-- Up-to-date: /home/chayakorn/ros_ws/install/rc_pwm_pkg/include/rc_pwm_pkg/rc_pwm_pkg/msg/detail/pwm__functions.c
-- Up-to-date: /home/chayakorn/ros_ws/install/rc_pwm_pkg/include/rc_pwm_pkg/rc_pwm_pkg/msg/detail/pub_pwm__type_support.h
-- Up-to-date: /home/chayakorn/ros_ws/install/rc_pwm_pkg/include/rc_pwm_pkg/rc_pwm_pkg/msg/pwm.h
-- Up-to-date: /home/chayakorn/ros_ws/install/rc_pwm_pkg/share/rc_pwm_pkg/environment/library_path.sh
-- Up-to-date: /home/chayakorn/ros_ws/install/rc_pwm_pkg/share/rc_pwm_pkg/environment/library_path.dsv
-- Up-to-date: /home/chayakorn/ros_ws/install/rc_pwm_pkg/lib/librc_pwm_pkg__rosidl_generator_c.so
-- Up-to-date: /home/chayakorn/ros_ws/install/rc_pwm_pkg/include/rc_pwm_pkg/rc_pwm_pkg
-- Up-to-date: /home/chayakorn/ros_ws/install/rc_pwm_pkg/include/rc_pwm_pkg/rc_pwm_pkg/msg
-- Up-to-date: /home/chayakorn/ros_ws/install/rc_pwm_pkg/include/rc_pwm_pkg/rc_pwm_pkg/msg/detail
-- Up-to-date: /home/chayakorn/ros_ws/install/rc_pwm_pkg/include/rc_pwm_pkg/rc_pwm_pkg/msg/detail/pub_pwm__rosidl_typesupport_fastrtps_c.h
-- Up-to-date: /home/chayakorn/ros_ws/install/rc_pwm_pkg/include/rc_pwm_pkg/rc_pwm_pkg/msg/detail/pwm__rosidl_typesupport_fastrtps_c.h
-- Up-to-date: /home/chayakorn/ros_ws/install/rc_pwm_pkg/include/rc_pwm_pkg/rc_pwm_pkg/msg/rosidl_typesupport_fastrtps_c__visibility_control.h
-- Up-to-date: /home/chayakorn/ros_ws/install/rc_pwm_pkg/lib/librc_pwm_pkg__rosidl_typesupport_fastrtps_c.so
-- Up-to-date: /home/chayakorn/ros_ws/install/rc_pwm_pkg/include/rc_pwm_pkg/rc_pwm_pkg
-- Up-to-date: /home/chayakorn/ros_ws/install/rc_pwm_pkg/include/rc_pwm_pkg/rc_pwm_pkg/msg
-- Up-to-date: /home/chayakorn/ros_ws/install/rc_pwm_pkg/include/rc_pwm_pkg/rc_pwm_pkg/msg/rosidl_typesupport_introspection_c__visibility_control.h
-- Up-to-date: /home/chayakorn/ros_ws/install/rc_pwm_pkg/include/rc_pwm_pkg/rc_pwm_pkg/msg/detail
-- Up-to-date: /home/chayakorn/ros_ws/install/rc_pwm_pkg/include/rc_pwm_pkg/rc_pwm_pkg/msg/detail/pub_pwm__rosidl_typesupport_introspection_c.h
-- Up-to-date: /home/chayakorn/ros_ws/install/rc_pwm_pkg/include/rc_pwm_pkg/rc_pwm_pkg/msg/detail/pub_pwm__type_support.c
-- Up-to-date: /home/chayakorn/ros_ws/install/rc_pwm_pkg/include/rc_pwm_pkg/rc_pwm_pkg/msg/detail/pwm__type_support.c
-- Up-to-date: /home/chayakorn/ros_ws/install/rc_pwm_pkg/include/rc_pwm_pkg/rc_pwm_pkg/msg/detail/pwm__rosidl_typesupport_introspection_c.h
-- Up-to-date: /home/chayakorn/ros_ws/install/rc_pwm_pkg/lib/librc_pwm_pkg__rosidl_typesupport_introspection_c.so
-- Up-to-date: /home/chayakorn/ros_ws/install/rc_pwm_pkg/lib/librc_pwm_pkg__rosidl_typesupport_c.so
-- Up-to-date: /home/chayakorn/ros_ws/install/rc_pwm_pkg/include/rc_pwm_pkg/rc_pwm_pkg
-- Up-to-date: /home/chayakorn/ros_ws/install/rc_pwm_pkg/include/rc_pwm_pkg/rc_pwm_pkg/msg
-- Up-to-date: /home/chayakorn/ros_ws/install/rc_pwm_pkg/include/rc_pwm_pkg/rc_pwm_pkg/msg/pub_pwm.hpp
-- Up-to-date: /home/chayakorn/ros_ws/install/rc_pwm_pkg/include/rc_pwm_pkg/rc_pwm_pkg/msg/detail
-- Up-to-date: /home/chayakorn/ros_ws/install/rc_pwm_pkg/include/rc_pwm_pkg/rc_pwm_pkg/msg/detail/pub_pwm__traits.hpp
-- Up-to-date: /home/chayakorn/ros_ws/install/rc_pwm_pkg/include/rc_pwm_pkg/rc_pwm_pkg/msg/detail/pwm__builder.hpp
-- Up-to-date: /home/chayakorn/ros_ws/install/rc_pwm_pkg/include/rc_pwm_pkg/rc_pwm_pkg/msg/detail/pub_pwm__builder.hpp
-- Up-to-date: /home/chayakorn/ros_ws/install/rc_pwm_pkg/include/rc_pwm_pkg/rc_pwm_pkg/msg/detail/pub_pwm__struct.hpp
-- Up-to-date: /home/chayakorn/ros_ws/install/rc_pwm_pkg/include/rc_pwm_pkg/rc_pwm_pkg/msg/detail/pwm__traits.hpp
-- Up-to-date: /home/chayakorn/ros_ws/install/rc_pwm_pkg/include/rc_pwm_pkg/rc_pwm_pkg/msg/detail/pwm__struct.hpp
-- Up-to-date: /home/chayakorn/ros_ws/install/rc_pwm_pkg/include/rc_pwm_pkg/rc_pwm_pkg/msg/detail/pwm__type_support.hpp
-- Up-to-date: /home/chayakorn/ros_ws/install/rc_pwm_pkg/include/rc_pwm_pkg/rc_pwm_pkg/msg/detail/pub_pwm__type_support.hpp
-- Up-to-date: /home/chayakorn/ros_ws/install/rc_pwm_pkg/include/rc_pwm_pkg/rc_pwm_pkg/msg/pwm.hpp
-- Up-to-date: /home/chayakorn/ros_ws/install/rc_pwm_pkg/include/rc_pwm_pkg/rc_pwm_pkg/msg/rosidl_generator_cpp__visibility_control.hpp
-- Up-to-date: /home/chayakorn/ros_ws/install/rc_pwm_pkg/include/rc_pwm_pkg/rc_pwm_pkg
-- Up-to-date: /home/chayakorn/ros_ws/install/rc_pwm_pkg/include/rc_pwm_pkg/rc_pwm_pkg/msg
-- Up-to-date: /home/chayakorn/ros_ws/install/rc_pwm_pkg/include/rc_pwm_pkg/rc_pwm_pkg/msg/rosidl_typesupport_fastrtps_cpp__visibility_control.h
-- Up-to-date: /home/chayakorn/ros_ws/install/rc_pwm_pkg/include/rc_pwm_pkg/rc_pwm_pkg/msg/detail
-- Up-to-date: /home/chayakorn/ros_ws/install/rc_pwm_pkg/include/rc_pwm_pkg/rc_pwm_pkg/msg/detail/pwm__rosidl_typesupport_fastrtps_cpp.hpp
-- Up-to-date: /home/chayakorn/ros_ws/install/rc_pwm_pkg/include/rc_pwm_pkg/rc_pwm_pkg/msg/detail/pub_pwm__rosidl_typesupport_fastrtps_cpp.hpp
-- Up-to-date: /home/chayakorn/ros_ws/install/rc_pwm_pkg/include/rc_pwm_pkg/rc_pwm_pkg/msg/detail/dds_fastrtps
-- Up-to-date: /home/chayakorn/ros_ws/install/rc_pwm_pkg/lib/librc_pwm_pkg__rosidl_typesupport_fastrtps_cpp.so
-- Up-to-date: /home/chayakorn/ros_ws/install/rc_pwm_pkg/include/rc_pwm_pkg/rc_pwm_pkg
-- Up-to-date: /home/chayakorn/ros_ws/install/rc_pwm_pkg/include/rc_pwm_pkg/rc_pwm_pkg/msg
-- Up-to-date: /home/chayakorn/ros_ws/install/rc_pwm_pkg/include/rc_pwm_pkg/rc_pwm_pkg/msg/detail
-- Up-to-date: /home/chayakorn/ros_ws/install/rc_pwm_pkg/include/rc_pwm_pkg/rc_pwm_pkg/msg/detail/pub_pwm__type_support.cpp
-- Up-to-date: /home/chayakorn/ros_ws/install/rc_pwm_pkg/include/rc_pwm_pkg/rc_pwm_pkg/msg/detail/pwm__type_support.cpp
-- Up-to-date: /home/chayakorn/ros_ws/install/rc_pwm_pkg/include/rc_pwm_pkg/rc_pwm_pkg/msg/detail/pub_pwm__rosidl_typesupport_introspection_cpp.hpp
-- Up-to-date: /home/chayakorn/ros_ws/install/rc_pwm_pkg/include/rc_pwm_pkg/rc_pwm_pkg/msg/detail/pwm__rosidl_typesupport_introspection_cpp.hpp
-- Up-to-date: /home/chayakorn/ros_ws/install/rc_pwm_pkg/lib/librc_pwm_pkg__rosidl_typesupport_introspection_cpp.so
-- Up-to-date: /home/chayakorn/ros_ws/install/rc_pwm_pkg/lib/librc_pwm_pkg__rosidl_typesupport_cpp.so
-- Up-to-date: /home/chayakorn/ros_ws/install/rc_pwm_pkg/share/rc_pwm_pkg/environment/pythonpath.sh
-- Up-to-date: /home/chayakorn/ros_ws/install/rc_pwm_pkg/share/rc_pwm_pkg/environment/pythonpath.dsv
-- Up-to-date: /home/chayakorn/ros_ws/install/rc_pwm_pkg/local/lib/python3.10/dist-packages/rc_pwm_pkg-0.0.0-py3.10.egg-info
-- Installing: /home/chayakorn/ros_ws/install/rc_pwm_pkg/local/lib/python3.10/dist-packages/rc_pwm_pkg-0.0.0-py3.10.egg-info/PKG-INFO
-- Installing: /home/chayakorn/ros_ws/install/rc_pwm_pkg/local/lib/python3.10/dist-packages/rc_pwm_pkg-0.0.0-py3.10.egg-info/top_level.txt
-- Installing: /home/chayakorn/ros_ws/install/rc_pwm_pkg/local/lib/python3.10/dist-packages/rc_pwm_pkg-0.0.0-py3.10.egg-info/dependency_links.txt
-- Installing: /home/chayakorn/ros_ws/install/rc_pwm_pkg/local/lib/python3.10/dist-packages/rc_pwm_pkg-0.0.0-py3.10.egg-info/SOURCES.txt
-- Up-to-date: /home/chayakorn/ros_ws/install/rc_pwm_pkg/local/lib/python3.10/dist-packages/rc_pwm_pkg
-- Up-to-date: /home/chayakorn/ros_ws/install/rc_pwm_pkg/local/lib/python3.10/dist-packages/rc_pwm_pkg/msg
-- Up-to-date: /home/chayakorn/ros_ws/install/rc_pwm_pkg/local/lib/python3.10/dist-packages/rc_pwm_pkg/msg/_pwm_s.c
-- Up-to-date: /home/chayakorn/ros_ws/install/rc_pwm_pkg/local/lib/python3.10/dist-packages/rc_pwm_pkg/msg/_pwm.py
-- Up-to-date: /home/chayakorn/ros_ws/install/rc_pwm_pkg/local/lib/python3.10/dist-packages/rc_pwm_pkg/msg/_pub_pwm_s.c
-- Up-to-date: /home/chayakorn/ros_ws/install/rc_pwm_pkg/local/lib/python3.10/dist-packages/rc_pwm_pkg/msg/__init__.py
-- Up-to-date: /home/chayakorn/ros_ws/install/rc_pwm_pkg/local/lib/python3.10/dist-packages/rc_pwm_pkg/msg/_pub_pwm.py
-- Up-to-date: /home/chayakorn/ros_ws/install/rc_pwm_pkg/local/lib/python3.10/dist-packages/rc_pwm_pkg/librc_pwm_pkg__rosidl_generator_py.so
-- Up-to-date: /home/chayakorn/ros_ws/install/rc_pwm_pkg/local/lib/python3.10/dist-packages/rc_pwm_pkg/rc_pwm_pkg_s__rosidl_typesupport_c.cpython-310-x86_64-linux-gnu.so
-- Up-to-date: /home/chayakorn/ros_ws/install/rc_pwm_pkg/local/lib/python3.10/dist-packages/rc_pwm_pkg/__init__.py
-- Up-to-date: /home/chayakorn/ros_ws/install/rc_pwm_pkg/local/lib/python3.10/dist-packages/rc_pwm_pkg/_rc_pwm_pkg_s.ep.rosidl_typesupport_introspection_c.c
-- Up-to-date: /home/chayakorn/ros_ws/install/rc_pwm_pkg/local/lib/python3.10/dist-packages/rc_pwm_pkg/_rc_pwm_pkg_s.ep.rosidl_typesupport_c.c
-- Up-to-date: /home/chayakorn/ros_ws/install/rc_pwm_pkg/local/lib/python3.10/dist-packages/rc_pwm_pkg/rc_pwm_pkg_s__rosidl_typesupport_fastrtps_c.cpython-310-x86_64-linux-gnu.so
-- Up-to-date: /home/chayakorn/ros_ws/install/rc_pwm_pkg/local/lib/python3.10/dist-packages/rc_pwm_pkg/_rc_pwm_pkg_s.ep.rosidl_typesupport_fastrtps_c.c
-- Up-to-date: /home/chayakorn/ros_ws/install/rc_pwm_pkg/local/lib/python3.10/dist-packages/rc_pwm_pkg/rc_pwm_pkg_s__rosidl_typesupport_introspection_c.cpython-310-x86_64-linux-gnu.so
Listing '/home/chayakorn/ros_ws/install/rc_pwm_pkg/local/lib/python3.10/dist-packages/rc_pwm_pkg'...
Listing '/home/chayakorn/ros_ws/install/rc_pwm_pkg/local/lib/python3.10/dist-packages/rc_pwm_pkg/msg'...
-- Up-to-date: /home/chayakorn/ros_ws/install/rc_pwm_pkg/local/lib/python3.10/dist-packages/rc_pwm_pkg/rc_pwm_pkg_s__rosidl_typesupport_fastrtps_c.cpython-310-x86_64-linux-gnu.so
-- Up-to-date: /home/chayakorn/ros_ws/install/rc_pwm_pkg/local/lib/python3.10/dist-packages/rc_pwm_pkg/rc_pwm_pkg_s__rosidl_typesupport_introspection_c.cpython-310-x86_64-linux-gnu.so
-- Up-to-date: /home/chayakorn/ros_ws/install/rc_pwm_pkg/local/lib/python3.10/dist-packages/rc_pwm_pkg/rc_pwm_pkg_s__rosidl_typesupport_c.cpython-310-x86_64-linux-gnu.so
-- Up-to-date: /home/chayakorn/ros_ws/install/rc_pwm_pkg/lib/librc_pwm_pkg__rosidl_generator_py.so
-- Up-to-date: /home/chayakorn/ros_ws/install/rc_pwm_pkg/share/rc_pwm_pkg/msg/Pwm.idl
-- Up-to-date: /home/chayakorn/ros_ws/install/rc_pwm_pkg/share/rc_pwm_pkg/msg/PubPwm.idl
-- Up-to-date: /home/chayakorn/ros_ws/install/rc_pwm_pkg/share/rc_pwm_pkg/msg/Pwm.msg
-- Up-to-date: /home/chayakorn/ros_ws/install/rc_pwm_pkg/share/rc_pwm_pkg/msg/PubPwm.msg
-- Up-to-date: /home/chayakorn/ros_ws/install/rc_pwm_pkg/share/ament_index/resource_index/package_run_dependencies/rc_pwm_pkg
-- Up-to-date: /home/chayakorn/ros_ws/install/rc_pwm_pkg/share/ament_index/resource_index/parent_prefix_path/rc_pwm_pkg
-- Up-to-date: /home/chayakorn/ros_ws/install/rc_pwm_pkg/share/rc_pwm_pkg/environment/ament_prefix_path.sh
-- Up-to-date: /home/chayakorn/ros_ws/install/rc_pwm_pkg/share/rc_pwm_pkg/environment/ament_prefix_path.dsv
-- Up-to-date: /home/chayakorn/ros_ws/install/rc_pwm_pkg/share/rc_pwm_pkg/environment/path.sh
-- Up-to-date: /home/chayakorn/ros_ws/install/rc_pwm_pkg/share/rc_pwm_pkg/environment/path.dsv
-- Up-to-date: /home/chayakorn/ros_ws/install/rc_pwm_pkg/share/rc_pwm_pkg/local_setup.bash
-- Up-to-date: /home/chayakorn/ros_ws/install/rc_pwm_pkg/share/rc_pwm_pkg/local_setup.sh
-- Up-to-date: /home/chayakorn/ros_ws/install/rc_pwm_pkg/share/rc_pwm_pkg/local_setup.zsh
-- Up-to-date: /home/chayakorn/ros_ws/install/rc_pwm_pkg/share/rc_pwm_pkg/local_setup.dsv
-- Installing: /home/chayakorn/ros_ws/install/rc_pwm_pkg/share/rc_pwm_pkg/package.dsv
-- Up-to-date: /home/chayakorn/ros_ws/install/rc_pwm_pkg/share/ament_index/resource_index/packages/rc_pwm_pkg
-- Up-to-date: /home/chayakorn/ros_ws/install/rc_pwm_pkg/share/rc_pwm_pkg/cmake/export_rc_pwm_pkg__rosidl_generator_cExport.cmake
-- Up-to-date: /home/chayakorn/ros_ws/install/rc_pwm_pkg/share/rc_pwm_pkg/cmake/export_rc_pwm_pkg__rosidl_generator_cExport-noconfig.cmake
-- Up-to-date: /home/chayakorn/ros_ws/install/rc_pwm_pkg/share/rc_pwm_pkg/cmake/export_rc_pwm_pkg__rosidl_typesupport_fastrtps_cExport.cmake
-- Up-to-date: /home/chayakorn/ros_ws/install/rc_pwm_pkg/share/rc_pwm_pkg/cmake/export_rc_pwm_pkg__rosidl_typesupport_fastrtps_cExport-noconfig.cmake
-- Up-to-date: /home/chayakorn/ros_ws/install/rc_pwm_pkg/share/rc_pwm_pkg/cmake/rc_pwm_pkg__rosidl_typesupport_introspection_cExport.cmake
-- Up-to-date: /home/chayakorn/ros_ws/install/rc_pwm_pkg/share/rc_pwm_pkg/cmake/rc_pwm_pkg__rosidl_typesupport_introspection_cExport-noconfig.cmake
-- Up-to-date: /home/chayakorn/ros_ws/install/rc_pwm_pkg/share/rc_pwm_pkg/cmake/rc_pwm_pkg__rosidl_typesupport_cExport.cmake
-- Up-to-date: /home/chayakorn/ros_ws/install/rc_pwm_pkg/share/rc_pwm_pkg/cmake/rc_pwm_pkg__rosidl_typesupport_cExport-noconfig.cmake
-- Up-to-date: /home/chayakorn/ros_ws/install/rc_pwm_pkg/share/rc_pwm_pkg/cmake/export_rc_pwm_pkg__rosidl_generator_cppExport.cmake
-- Up-to-date: /home/chayakorn/ros_ws/install/rc_pwm_pkg/share/rc_pwm_pkg/cmake/export_rc_pwm_pkg__rosidl_typesupport_fastrtps_cppExport.cmake
-- Up-to-date: /home/chayakorn/ros_ws/install/rc_pwm_pkg/share/rc_pwm_pkg/cmake/export_rc_pwm_pkg__rosidl_typesupport_fastrtps_cppExport-noconfig.cmake
-- Up-to-date: /home/chayakorn/ros_ws/install/rc_pwm_pkg/share/rc_pwm_pkg/cmake/rc_pwm_pkg__rosidl_typesupport_introspection_cppExport.cmake
-- Up-to-date: /home/chayakorn/ros_ws/install/rc_pwm_pkg/share/rc_pwm_pkg/cmake/rc_pwm_pkg__rosidl_typesupport_introspection_cppExport-noconfig.cmake
-- Up-to-date: /home/chayakorn/ros_ws/install/rc_pwm_pkg/share/rc_pwm_pkg/cmake/rc_pwm_pkg__rosidl_typesupport_cppExport.cmake
-- Up-to-date: /home/chayakorn/ros_ws/install/rc_pwm_pkg/share/rc_pwm_pkg/cmake/rc_pwm_pkg__rosidl_typesupport_cppExport-noconfig.cmake
-- Up-to-date: /home/chayakorn/ros_ws/install/rc_pwm_pkg/share/rc_pwm_pkg/cmake/export_rc_pwm_pkg__rosidl_generator_pyExport.cmake
-- Up-to-date: /home/chayakorn/ros_ws/install/rc_pwm_pkg/share/rc_pwm_pkg/cmake/export_rc_pwm_pkg__rosidl_generator_pyExport-noconfig.cmake
-- Up-to-date: /home/chayakorn/ros_ws/install/rc_pwm_pkg/share/rc_pwm_pkg/cmake/rosidl_cmake-extras.cmake
-- Up-to-date: /home/chayakorn/ros_ws/install/rc_pwm_pkg/share/rc_pwm_pkg/cmake/ament_cmake_export_include_directories-extras.cmake
-- Up-to-date: /home/chayakorn/ros_ws/install/rc_pwm_pkg/share/rc_pwm_pkg/cmake/ament_cmake_export_libraries-extras.cmake
-- Up-to-date: /home/chayakorn/ros_ws/install/rc_pwm_pkg/share/rc_pwm_pkg/cmake/ament_cmake_export_targets-extras.cmake
-- Up-to-date: /home/chayakorn/ros_ws/install/rc_pwm_pkg/share/rc_pwm_pkg/cmake/rosidl_cmake_export_typesupport_targets-extras.cmake
-- Up-to-date: /home/chayakorn/ros_ws/install/rc_pwm_pkg/share/rc_pwm_pkg/cmake/ament_cmake_export_dependencies-extras.cmake
-- Up-to-date: /home/chayakorn/ros_ws/install/rc_pwm_pkg/share/rc_pwm_pkg/cmake/rosidl_cmake_export_typesupport_libraries-extras.cmake
-- Up-to-date: /home/chayakorn/ros_ws/install/rc_pwm_pkg/share/rc_pwm_pkg/cmake/rc_pwm_pkgConfig.cmake
-- Up-to-date: /home/chayakorn/ros_ws/install/rc_pwm_pkg/share/rc_pwm_pkg/cmake/rc_pwm_pkgConfig-version.cmake
-- Up-to-date: /home/chayakorn/ros_ws/install/rc_pwm_pkg/share/rc_pwm_pkg/package.xml
