[0.423s] Invoking command in '/home/chayakorn/ros_ws/src/control_pkg': PYTHONPATH=/home/chayakorn/ros_ws/build/control_pkg/prefix_override:/usr/lib/python3/dist-packages/colcon_core/task/python/colcon_distutils_commands:/home/chayakorn/ros_ws/install/control_pkg/lib/python3.10/site-packages:${PYTHONPATH} /usr/bin/python3 -W ignore:setup.py install is deprecated -W ignore:easy_install command is deprecated setup.py egg_info --egg-base ../../build/control_pkg build --build-base /home/chayakorn/ros_ws/build/control_pkg/build install --record /home/chayakorn/ros_ws/build/control_pkg/install.log --single-version-externally-managed install_data
[0.585s] running egg_info
[0.586s] writing ../../build/control_pkg/control_pkg.egg-info/PKG-INFO
[0.586s] writing dependency_links to ../../build/control_pkg/control_pkg.egg-info/dependency_links.txt
[0.586s] writing entry points to ../../build/control_pkg/control_pkg.egg-info/entry_points.txt
[0.586s] writing requirements to ../../build/control_pkg/control_pkg.egg-info/requires.txt
[0.586s] writing top-level names to ../../build/control_pkg/control_pkg.egg-info/top_level.txt
[0.587s] reading manifest file '../../build/control_pkg/control_pkg.egg-info/SOURCES.txt'
[0.588s] adding license file 'LICENSE'
[0.588s] writing manifest file '../../build/control_pkg/control_pkg.egg-info/SOURCES.txt'
[0.588s] running build
[0.588s] running build_py
[0.588s] running install
[0.589s] running install_lib
[0.590s] running install_data
[0.590s] running install_egg_info
[0.591s] removing '/home/chayakorn/ros_ws/install/control_pkg/lib/python3.10/site-packages/control_pkg-0.0.0-py3.10.egg-info' (and everything under it)
[0.591s] Copying ../../build/control_pkg/control_pkg.egg-info to /home/chayakorn/ros_ws/install/control_pkg/lib/python3.10/site-packages/control_pkg-0.0.0-py3.10.egg-info
[0.592s] running install_scripts
[0.606s] Installing control_node script to /home/chayakorn/ros_ws/install/control_pkg/lib/control_pkg
[0.607s] Installing pwm_node script to /home/chayakorn/ros_ws/install/control_pkg/lib/control_pkg
[0.607s] writing list of installed files to '/home/chayakorn/ros_ws/build/control_pkg/install.log'
[0.624s] Invoked command in '/home/chayakorn/ros_ws/src/control_pkg' returned '0': PYTHONPATH=/home/chayakorn/ros_ws/build/control_pkg/prefix_override:/usr/lib/python3/dist-packages/colcon_core/task/python/colcon_distutils_commands:/home/chayakorn/ros_ws/install/control_pkg/lib/python3.10/site-packages:${PYTHONPATH} /usr/bin/python3 -W ignore:setup.py install is deprecated -W ignore:easy_install command is deprecated setup.py egg_info --egg-base ../../build/control_pkg build --build-base /home/chayakorn/ros_ws/build/control_pkg/build install --record /home/chayakorn/ros_ws/build/control_pkg/install.log --single-version-externally-managed install_data
