[0.009s] Invoking command in '/home/chayakorn/ros_ws/build/rc_pwm_pkg': CMAKE_PREFIX_PATH=${CMAKE_PREFIX_PATH}:/home/chayakorn/ros_ws/install/control_pkg:/opt/ros/humble /usr/bin/cmake --build /home/chayakorn/ros_ws/build/rc_pwm_pkg -- -j16 -l16
[0.059s] [  7%] Built target rc_pwm_pkg__cpp
[0.059s] [ 12%] Built target rc_pwm_pkg__rosidl_generator_c
[0.069s] [ 12%] Built target ament_cmake_python_copy_rc_pwm_pkg
[0.080s] [ 43%] Built target rc_pwm_pkg__rosidl_typesupport_introspection_cpp
[0.080s] [ 43%] Built target rc_pwm_pkg__rosidl_typesupport_cpp
[0.080s] [ 43%] Built target rc_pwm_pkg__rosidl_typesupport_fastrtps_cpp
[0.090s] [ 74%] Built target rc_pwm_pkg__rosidl_typesupport_c
[0.091s] [ 74%] Built target rc_pwm_pkg__rosidl_typesupport_fastrtps_c
[0.091s] [ 74%] Built target rc_pwm_pkg__rosidl_typesupport_introspection_c
[0.109s] [ 74%] Built target rc_pwm_pkg
[0.133s] [ 76%] Built target rc_pwm_pkg__py
[0.156s] [ 84%] Built target rc_pwm_pkg__rosidl_generator_py
[0.177s] [100%] Built target rc_pwm_pkg__rosidl_typesupport_introspection_c__pyext
[0.177s] [100%] Built target rc_pwm_pkg__rosidl_typesupport_c__pyext
[0.177s] [100%] Built target rc_pwm_pkg__rosidl_typesupport_fastrtps_c__pyext
[0.261s] running egg_info
[0.261s] writing rc_pwm_pkg.egg-info/PKG-INFO
[0.261s] writing dependency_links to rc_pwm_pkg.egg-info/dependency_links.txt
[0.261s] writing top-level names to rc_pwm_pkg.egg-info/top_level.txt
[0.263s] reading manifest file 'rc_pwm_pkg.egg-info/SOURCES.txt'
[0.263s] writing manifest file 'rc_pwm_pkg.egg-info/SOURCES.txt'
[0.295s] [100%] Built target ament_cmake_python_build_rc_pwm_pkg_egg
[0.308s] Invoked command in '/home/chayakorn/ros_ws/build/rc_pwm_pkg' returned '0': CMAKE_PREFIX_PATH=${CMAKE_PREFIX_PATH}:/home/chayakorn/ros_ws/install/control_pkg:/opt/ros/humble /usr/bin/cmake --build /home/chayakorn/ros_ws/build/rc_pwm_pkg -- -j16 -l16
[0.317s] Invoking command in '/home/chayakorn/ros_ws/build/rc_pwm_pkg': CMAKE_PREFIX_PATH=${CMAKE_PREFIX_PATH}:/home/chayakorn/ros_ws/install/control_pkg:/opt/ros/humble /usr/bin/cmake --install /home/chayakorn/ros_ws/build/rc_pwm_pkg
[0.324s] -- Install configuration: ""
[0.324s] -- Up-to-date: /home/chayakorn/ros_ws/install/rc_pwm_pkg/share/ament_index/resource_index/rosidl_interfaces/rc_pwm_pkg
[0.324s] -- Up-to-date: /home/chayakorn/ros_ws/install/rc_pwm_pkg/include/rc_pwm_pkg/rc_pwm_pkg
[0.324s] -- Up-to-date: /home/chayakorn/ros_ws/install/rc_pwm_pkg/include/rc_pwm_pkg/rc_pwm_pkg/msg
[0.324s] -- Up-to-date: /home/chayakorn/ros_ws/install/rc_pwm_pkg/include/rc_pwm_pkg/rc_pwm_pkg/msg/rosidl_generator_c__visibility_control.h
[0.324s] -- Up-to-date: /home/chayakorn/ros_ws/install/rc_pwm_pkg/include/rc_pwm_pkg/rc_pwm_pkg/msg/pub_pwm.h
[0.324s] -- Up-to-date: /home/chayakorn/ros_ws/install/rc_pwm_pkg/include/rc_pwm_pkg/rc_pwm_pkg/msg/detail
[0.324s] -- Up-to-date: /home/chayakorn/ros_ws/install/rc_pwm_pkg/include/rc_pwm_pkg/rc_pwm_pkg/msg/detail/pub_pwm__functions.c
[0.324s] -- Up-to-date: /home/chayakorn/ros_ws/install/rc_pwm_pkg/include/rc_pwm_pkg/rc_pwm_pkg/msg/detail/pub_pwm__struct.h
[0.324s] -- Up-to-date: /home/chayakorn/ros_ws/install/rc_pwm_pkg/include/rc_pwm_pkg/rc_pwm_pkg/msg/detail/pwm__functions.h
[0.324s] -- Up-to-date: /home/chayakorn/ros_ws/install/rc_pwm_pkg/include/rc_pwm_pkg/rc_pwm_pkg/msg/detail/pwm__type_support.h
[0.324s] -- Up-to-date: /home/chayakorn/ros_ws/install/rc_pwm_pkg/include/rc_pwm_pkg/rc_pwm_pkg/msg/detail/pub_pwm__functions.h
[0.325s] -- Up-to-date: /home/chayakorn/ros_ws/install/rc_pwm_pkg/include/rc_pwm_pkg/rc_pwm_pkg/msg/detail/pwm__struct.h
[0.325s] -- Up-to-date: /home/chayakorn/ros_ws/install/rc_pwm_pkg/include/rc_pwm_pkg/rc_pwm_pkg/msg/detail/pwm__functions.c
[0.325s] -- Up-to-date: /home/chayakorn/ros_ws/install/rc_pwm_pkg/include/rc_pwm_pkg/rc_pwm_pkg/msg/detail/pub_pwm__type_support.h
[0.325s] -- Up-to-date: /home/chayakorn/ros_ws/install/rc_pwm_pkg/include/rc_pwm_pkg/rc_pwm_pkg/msg/pwm.h
[0.325s] -- Up-to-date: /home/chayakorn/ros_ws/install/rc_pwm_pkg/share/rc_pwm_pkg/environment/library_path.sh
[0.325s] -- Up-to-date: /home/chayakorn/ros_ws/install/rc_pwm_pkg/share/rc_pwm_pkg/environment/library_path.dsv
[0.325s] -- Up-to-date: /home/chayakorn/ros_ws/install/rc_pwm_pkg/lib/librc_pwm_pkg__rosidl_generator_c.so
[0.325s] -- Up-to-date: /home/chayakorn/ros_ws/install/rc_pwm_pkg/include/rc_pwm_pkg/rc_pwm_pkg
[0.325s] -- Up-to-date: /home/chayakorn/ros_ws/install/rc_pwm_pkg/include/rc_pwm_pkg/rc_pwm_pkg/msg
[0.325s] -- Up-to-date: /home/chayakorn/ros_ws/install/rc_pwm_pkg/include/rc_pwm_pkg/rc_pwm_pkg/msg/detail
[0.325s] -- Up-to-date: /home/chayakorn/ros_ws/install/rc_pwm_pkg/include/rc_pwm_pkg/rc_pwm_pkg/msg/detail/pub_pwm__rosidl_typesupport_fastrtps_c.h
[0.325s] -- Up-to-date: /home/chayakorn/ros_ws/install/rc_pwm_pkg/include/rc_pwm_pkg/rc_pwm_pkg/msg/detail/pwm__rosidl_typesupport_fastrtps_c.h
[0.325s] -- Up-to-date: /home/chayakorn/ros_ws/install/rc_pwm_pkg/include/rc_pwm_pkg/rc_pwm_pkg/msg/rosidl_typesupport_fastrtps_c__visibility_control.h
[0.325s] -- Up-to-date: /home/chayakorn/ros_ws/install/rc_pwm_pkg/lib/librc_pwm_pkg__rosidl_typesupport_fastrtps_c.so
[0.326s] -- Up-to-date: /home/chayakorn/ros_ws/install/rc_pwm_pkg/include/rc_pwm_pkg/rc_pwm_pkg
[0.326s] -- Up-to-date: /home/chayakorn/ros_ws/install/rc_pwm_pkg/include/rc_pwm_pkg/rc_pwm_pkg/msg
[0.326s] -- Up-to-date: /home/chayakorn/ros_ws/install/rc_pwm_pkg/include/rc_pwm_pkg/rc_pwm_pkg/msg/rosidl_typesupport_introspection_c__visibility_control.h
[0.326s] -- Up-to-date: /home/chayakorn/ros_ws/install/rc_pwm_pkg/include/rc_pwm_pkg/rc_pwm_pkg/msg/detail
[0.326s] -- Up-to-date: /home/chayakorn/ros_ws/install/rc_pwm_pkg/include/rc_pwm_pkg/rc_pwm_pkg/msg/detail/pub_pwm__rosidl_typesupport_introspection_c.h
[0.326s] -- Up-to-date: /home/chayakorn/ros_ws/install/rc_pwm_pkg/include/rc_pwm_pkg/rc_pwm_pkg/msg/detail/pub_pwm__type_support.c
[0.326s] -- Up-to-date: /home/chayakorn/ros_ws/install/rc_pwm_pkg/include/rc_pwm_pkg/rc_pwm_pkg/msg/detail/pwm__type_support.c
[0.326s] -- Up-to-date: /home/chayakorn/ros_ws/install/rc_pwm_pkg/include/rc_pwm_pkg/rc_pwm_pkg/msg/detail/pwm__rosidl_typesupport_introspection_c.h
[0.326s] -- Up-to-date: /home/chayakorn/ros_ws/install/rc_pwm_pkg/lib/librc_pwm_pkg__rosidl_typesupport_introspection_c.so
[0.326s] -- Up-to-date: /home/chayakorn/ros_ws/install/rc_pwm_pkg/lib/librc_pwm_pkg__rosidl_typesupport_c.so
[0.326s] -- Up-to-date: /home/chayakorn/ros_ws/install/rc_pwm_pkg/include/rc_pwm_pkg/rc_pwm_pkg
[0.326s] -- Up-to-date: /home/chayakorn/ros_ws/install/rc_pwm_pkg/include/rc_pwm_pkg/rc_pwm_pkg/msg
[0.326s] -- Up-to-date: /home/chayakorn/ros_ws/install/rc_pwm_pkg/include/rc_pwm_pkg/rc_pwm_pkg/msg/pub_pwm.hpp
[0.326s] -- Up-to-date: /home/chayakorn/ros_ws/install/rc_pwm_pkg/include/rc_pwm_pkg/rc_pwm_pkg/msg/detail
[0.327s] -- Up-to-date: /home/chayakorn/ros_ws/install/rc_pwm_pkg/include/rc_pwm_pkg/rc_pwm_pkg/msg/detail/pub_pwm__traits.hpp
[0.327s] -- Up-to-date: /home/chayakorn/ros_ws/install/rc_pwm_pkg/include/rc_pwm_pkg/rc_pwm_pkg/msg/detail/pwm__builder.hpp
[0.327s] -- Up-to-date: /home/chayakorn/ros_ws/install/rc_pwm_pkg/include/rc_pwm_pkg/rc_pwm_pkg/msg/detail/pub_pwm__builder.hpp
[0.327s] -- Up-to-date: /home/chayakorn/ros_ws/install/rc_pwm_pkg/include/rc_pwm_pkg/rc_pwm_pkg/msg/detail/pub_pwm__struct.hpp
[0.327s] -- Up-to-date: /home/chayakorn/ros_ws/install/rc_pwm_pkg/include/rc_pwm_pkg/rc_pwm_pkg/msg/detail/pwm__traits.hpp
[0.327s] -- Up-to-date: /home/chayakorn/ros_ws/install/rc_pwm_pkg/include/rc_pwm_pkg/rc_pwm_pkg/msg/detail/pwm__struct.hpp
[0.327s] -- Up-to-date: /home/chayakorn/ros_ws/install/rc_pwm_pkg/include/rc_pwm_pkg/rc_pwm_pkg/msg/detail/pwm__type_support.hpp
[0.327s] -- Up-to-date: /home/chayakorn/ros_ws/install/rc_pwm_pkg/include/rc_pwm_pkg/rc_pwm_pkg/msg/detail/pub_pwm__type_support.hpp
[0.327s] -- Up-to-date: /home/chayakorn/ros_ws/install/rc_pwm_pkg/include/rc_pwm_pkg/rc_pwm_pkg/msg/pwm.hpp
[0.327s] -- Up-to-date: /home/chayakorn/ros_ws/install/rc_pwm_pkg/include/rc_pwm_pkg/rc_pwm_pkg/msg/rosidl_generator_cpp__visibility_control.hpp
[0.327s] -- Up-to-date: /home/chayakorn/ros_ws/install/rc_pwm_pkg/include/rc_pwm_pkg/rc_pwm_pkg
[0.327s] -- Up-to-date: /home/chayakorn/ros_ws/install/rc_pwm_pkg/include/rc_pwm_pkg/rc_pwm_pkg/msg
[0.327s] -- Up-to-date: /home/chayakorn/ros_ws/install/rc_pwm_pkg/include/rc_pwm_pkg/rc_pwm_pkg/msg/rosidl_typesupport_fastrtps_cpp__visibility_control.h
[0.327s] -- Up-to-date: /home/chayakorn/ros_ws/install/rc_pwm_pkg/include/rc_pwm_pkg/rc_pwm_pkg/msg/detail
[0.327s] -- Up-to-date: /home/chayakorn/ros_ws/install/rc_pwm_pkg/include/rc_pwm_pkg/rc_pwm_pkg/msg/detail/pwm__rosidl_typesupport_fastrtps_cpp.hpp
[0.327s] -- Up-to-date: /home/chayakorn/ros_ws/install/rc_pwm_pkg/include/rc_pwm_pkg/rc_pwm_pkg/msg/detail/pub_pwm__rosidl_typesupport_fastrtps_cpp.hpp
[0.328s] -- Up-to-date: /home/chayakorn/ros_ws/install/rc_pwm_pkg/include/rc_pwm_pkg/rc_pwm_pkg/msg/detail/dds_fastrtps
[0.328s] -- Up-to-date: /home/chayakorn/ros_ws/install/rc_pwm_pkg/lib/librc_pwm_pkg__rosidl_typesupport_fastrtps_cpp.so
[0.328s] -- Up-to-date: /home/chayakorn/ros_ws/install/rc_pwm_pkg/include/rc_pwm_pkg/rc_pwm_pkg
[0.328s] -- Up-to-date: /home/chayakorn/ros_ws/install/rc_pwm_pkg/include/rc_pwm_pkg/rc_pwm_pkg/msg
[0.328s] -- Up-to-date: /home/chayakorn/ros_ws/install/rc_pwm_pkg/include/rc_pwm_pkg/rc_pwm_pkg/msg/detail
[0.328s] -- Up-to-date: /home/chayakorn/ros_ws/install/rc_pwm_pkg/include/rc_pwm_pkg/rc_pwm_pkg/msg/detail/pub_pwm__type_support.cpp
[0.328s] -- Up-to-date: /home/chayakorn/ros_ws/install/rc_pwm_pkg/include/rc_pwm_pkg/rc_pwm_pkg/msg/detail/pwm__type_support.cpp
[0.328s] -- Up-to-date: /home/chayakorn/ros_ws/install/rc_pwm_pkg/include/rc_pwm_pkg/rc_pwm_pkg/msg/detail/pub_pwm__rosidl_typesupport_introspection_cpp.hpp
[0.328s] -- Up-to-date: /home/chayakorn/ros_ws/install/rc_pwm_pkg/include/rc_pwm_pkg/rc_pwm_pkg/msg/detail/pwm__rosidl_typesupport_introspection_cpp.hpp
[0.328s] -- Up-to-date: /home/chayakorn/ros_ws/install/rc_pwm_pkg/lib/librc_pwm_pkg__rosidl_typesupport_introspection_cpp.so
[0.329s] -- Up-to-date: /home/chayakorn/ros_ws/install/rc_pwm_pkg/lib/librc_pwm_pkg__rosidl_typesupport_cpp.so
[0.329s] -- Up-to-date: /home/chayakorn/ros_ws/install/rc_pwm_pkg/share/rc_pwm_pkg/environment/pythonpath.sh
[0.329s] -- Up-to-date: /home/chayakorn/ros_ws/install/rc_pwm_pkg/share/rc_pwm_pkg/environment/pythonpath.dsv
[0.329s] -- Up-to-date: /home/chayakorn/ros_ws/install/rc_pwm_pkg/local/lib/python3.10/dist-packages/rc_pwm_pkg-0.0.0-py3.10.egg-info
[0.329s] -- Installing: /home/chayakorn/ros_ws/install/rc_pwm_pkg/local/lib/python3.10/dist-packages/rc_pwm_pkg-0.0.0-py3.10.egg-info/PKG-INFO
[0.329s] -- Installing: /home/chayakorn/ros_ws/install/rc_pwm_pkg/local/lib/python3.10/dist-packages/rc_pwm_pkg-0.0.0-py3.10.egg-info/top_level.txt
[0.329s] -- Installing: /home/chayakorn/ros_ws/install/rc_pwm_pkg/local/lib/python3.10/dist-packages/rc_pwm_pkg-0.0.0-py3.10.egg-info/dependency_links.txt
[0.329s] -- Installing: /home/chayakorn/ros_ws/install/rc_pwm_pkg/local/lib/python3.10/dist-packages/rc_pwm_pkg-0.0.0-py3.10.egg-info/SOURCES.txt
[0.329s] -- Up-to-date: /home/chayakorn/ros_ws/install/rc_pwm_pkg/local/lib/python3.10/dist-packages/rc_pwm_pkg
[0.329s] -- Up-to-date: /home/chayakorn/ros_ws/install/rc_pwm_pkg/local/lib/python3.10/dist-packages/rc_pwm_pkg/msg
[0.329s] -- Up-to-date: /home/chayakorn/ros_ws/install/rc_pwm_pkg/local/lib/python3.10/dist-packages/rc_pwm_pkg/msg/_pwm_s.c
[0.329s] -- Up-to-date: /home/chayakorn/ros_ws/install/rc_pwm_pkg/local/lib/python3.10/dist-packages/rc_pwm_pkg/msg/_pwm.py
[0.329s] -- Up-to-date: /home/chayakorn/ros_ws/install/rc_pwm_pkg/local/lib/python3.10/dist-packages/rc_pwm_pkg/msg/_pub_pwm_s.c
[0.329s] -- Up-to-date: /home/chayakorn/ros_ws/install/rc_pwm_pkg/local/lib/python3.10/dist-packages/rc_pwm_pkg/msg/__init__.py
[0.329s] -- Up-to-date: /home/chayakorn/ros_ws/install/rc_pwm_pkg/local/lib/python3.10/dist-packages/rc_pwm_pkg/msg/_pub_pwm.py
[0.329s] -- Up-to-date: /home/chayakorn/ros_ws/install/rc_pwm_pkg/local/lib/python3.10/dist-packages/rc_pwm_pkg/librc_pwm_pkg__rosidl_generator_py.so
[0.329s] -- Up-to-date: /home/chayakorn/ros_ws/install/rc_pwm_pkg/local/lib/python3.10/dist-packages/rc_pwm_pkg/rc_pwm_pkg_s__rosidl_typesupport_c.cpython-310-x86_64-linux-gnu.so
[0.329s] -- Up-to-date: /home/chayakorn/ros_ws/install/rc_pwm_pkg/local/lib/python3.10/dist-packages/rc_pwm_pkg/__init__.py
[0.329s] -- Up-to-date: /home/chayakorn/ros_ws/install/rc_pwm_pkg/local/lib/python3.10/dist-packages/rc_pwm_pkg/_rc_pwm_pkg_s.ep.rosidl_typesupport_introspection_c.c
[0.329s] -- Up-to-date: /home/chayakorn/ros_ws/install/rc_pwm_pkg/local/lib/python3.10/dist-packages/rc_pwm_pkg/_rc_pwm_pkg_s.ep.rosidl_typesupport_c.c
[0.329s] -- Up-to-date: /home/chayakorn/ros_ws/install/rc_pwm_pkg/local/lib/python3.10/dist-packages/rc_pwm_pkg/rc_pwm_pkg_s__rosidl_typesupport_fastrtps_c.cpython-310-x86_64-linux-gnu.so
[0.329s] -- Up-to-date: /home/chayakorn/ros_ws/install/rc_pwm_pkg/local/lib/python3.10/dist-packages/rc_pwm_pkg/_rc_pwm_pkg_s.ep.rosidl_typesupport_fastrtps_c.c
[0.329s] -- Up-to-date: /home/chayakorn/ros_ws/install/rc_pwm_pkg/local/lib/python3.10/dist-packages/rc_pwm_pkg/rc_pwm_pkg_s__rosidl_typesupport_introspection_c.cpython-310-x86_64-linux-gnu.so
[0.352s] Listing '/home/chayakorn/ros_ws/install/rc_pwm_pkg/local/lib/python3.10/dist-packages/rc_pwm_pkg'...
[0.352s] Listing '/home/chayakorn/ros_ws/install/rc_pwm_pkg/local/lib/python3.10/dist-packages/rc_pwm_pkg/msg'...
[0.355s] -- Up-to-date: /home/chayakorn/ros_ws/install/rc_pwm_pkg/local/lib/python3.10/dist-packages/rc_pwm_pkg/rc_pwm_pkg_s__rosidl_typesupport_fastrtps_c.cpython-310-x86_64-linux-gnu.so
[0.355s] -- Up-to-date: /home/chayakorn/ros_ws/install/rc_pwm_pkg/local/lib/python3.10/dist-packages/rc_pwm_pkg/rc_pwm_pkg_s__rosidl_typesupport_introspection_c.cpython-310-x86_64-linux-gnu.so
[0.355s] -- Up-to-date: /home/chayakorn/ros_ws/install/rc_pwm_pkg/local/lib/python3.10/dist-packages/rc_pwm_pkg/rc_pwm_pkg_s__rosidl_typesupport_c.cpython-310-x86_64-linux-gnu.so
[0.356s] -- Up-to-date: /home/chayakorn/ros_ws/install/rc_pwm_pkg/lib/librc_pwm_pkg__rosidl_generator_py.so
[0.356s] -- Up-to-date: /home/chayakorn/ros_ws/install/rc_pwm_pkg/share/rc_pwm_pkg/msg/Pwm.idl
[0.356s] -- Up-to-date: /home/chayakorn/ros_ws/install/rc_pwm_pkg/share/rc_pwm_pkg/msg/PubPwm.idl
[0.356s] -- Up-to-date: /home/chayakorn/ros_ws/install/rc_pwm_pkg/share/rc_pwm_pkg/msg/Pwm.msg
[0.356s] -- Up-to-date: /home/chayakorn/ros_ws/install/rc_pwm_pkg/share/rc_pwm_pkg/msg/PubPwm.msg
[0.356s] -- Up-to-date: /home/chayakorn/ros_ws/install/rc_pwm_pkg/share/ament_index/resource_index/package_run_dependencies/rc_pwm_pkg
[0.356s] -- Up-to-date: /home/chayakorn/ros_ws/install/rc_pwm_pkg/share/ament_index/resource_index/parent_prefix_path/rc_pwm_pkg
[0.356s] -- Up-to-date: /home/chayakorn/ros_ws/install/rc_pwm_pkg/share/rc_pwm_pkg/environment/ament_prefix_path.sh
[0.356s] -- Up-to-date: /home/chayakorn/ros_ws/install/rc_pwm_pkg/share/rc_pwm_pkg/environment/ament_prefix_path.dsv
[0.356s] -- Up-to-date: /home/chayakorn/ros_ws/install/rc_pwm_pkg/share/rc_pwm_pkg/environment/path.sh
[0.356s] -- Up-to-date: /home/chayakorn/ros_ws/install/rc_pwm_pkg/share/rc_pwm_pkg/environment/path.dsv
[0.356s] -- Up-to-date: /home/chayakorn/ros_ws/install/rc_pwm_pkg/share/rc_pwm_pkg/local_setup.bash
[0.356s] -- Up-to-date: /home/chayakorn/ros_ws/install/rc_pwm_pkg/share/rc_pwm_pkg/local_setup.sh
[0.356s] -- Up-to-date: /home/chayakorn/ros_ws/install/rc_pwm_pkg/share/rc_pwm_pkg/local_setup.zsh
[0.356s] -- Up-to-date: /home/chayakorn/ros_ws/install/rc_pwm_pkg/share/rc_pwm_pkg/local_setup.dsv
[0.357s] -- Installing: /home/chayakorn/ros_ws/install/rc_pwm_pkg/share/rc_pwm_pkg/package.dsv
[0.357s] -- Up-to-date: /home/chayakorn/ros_ws/install/rc_pwm_pkg/share/ament_index/resource_index/packages/rc_pwm_pkg
[0.357s] -- Up-to-date: /home/chayakorn/ros_ws/install/rc_pwm_pkg/share/rc_pwm_pkg/cmake/export_rc_pwm_pkg__rosidl_generator_cExport.cmake
[0.357s] -- Up-to-date: /home/chayakorn/ros_ws/install/rc_pwm_pkg/share/rc_pwm_pkg/cmake/export_rc_pwm_pkg__rosidl_generator_cExport-noconfig.cmake
[0.357s] -- Up-to-date: /home/chayakorn/ros_ws/install/rc_pwm_pkg/share/rc_pwm_pkg/cmake/export_rc_pwm_pkg__rosidl_typesupport_fastrtps_cExport.cmake
[0.357s] -- Up-to-date: /home/chayakorn/ros_ws/install/rc_pwm_pkg/share/rc_pwm_pkg/cmake/export_rc_pwm_pkg__rosidl_typesupport_fastrtps_cExport-noconfig.cmake
[0.357s] -- Up-to-date: /home/chayakorn/ros_ws/install/rc_pwm_pkg/share/rc_pwm_pkg/cmake/rc_pwm_pkg__rosidl_typesupport_introspection_cExport.cmake
[0.357s] -- Up-to-date: /home/chayakorn/ros_ws/install/rc_pwm_pkg/share/rc_pwm_pkg/cmake/rc_pwm_pkg__rosidl_typesupport_introspection_cExport-noconfig.cmake
[0.357s] -- Up-to-date: /home/chayakorn/ros_ws/install/rc_pwm_pkg/share/rc_pwm_pkg/cmake/rc_pwm_pkg__rosidl_typesupport_cExport.cmake
[0.357s] -- Up-to-date: /home/chayakorn/ros_ws/install/rc_pwm_pkg/share/rc_pwm_pkg/cmake/rc_pwm_pkg__rosidl_typesupport_cExport-noconfig.cmake
[0.357s] -- Up-to-date: /home/chayakorn/ros_ws/install/rc_pwm_pkg/share/rc_pwm_pkg/cmake/export_rc_pwm_pkg__rosidl_generator_cppExport.cmake
[0.357s] -- Up-to-date: /home/chayakorn/ros_ws/install/rc_pwm_pkg/share/rc_pwm_pkg/cmake/export_rc_pwm_pkg__rosidl_typesupport_fastrtps_cppExport.cmake
[0.357s] -- Up-to-date: /home/chayakorn/ros_ws/install/rc_pwm_pkg/share/rc_pwm_pkg/cmake/export_rc_pwm_pkg__rosidl_typesupport_fastrtps_cppExport-noconfig.cmake
[0.357s] -- Up-to-date: /home/chayakorn/ros_ws/install/rc_pwm_pkg/share/rc_pwm_pkg/cmake/rc_pwm_pkg__rosidl_typesupport_introspection_cppExport.cmake
[0.357s] -- Up-to-date: /home/chayakorn/ros_ws/install/rc_pwm_pkg/share/rc_pwm_pkg/cmake/rc_pwm_pkg__rosidl_typesupport_introspection_cppExport-noconfig.cmake
[0.357s] -- Up-to-date: /home/chayakorn/ros_ws/install/rc_pwm_pkg/share/rc_pwm_pkg/cmake/rc_pwm_pkg__rosidl_typesupport_cppExport.cmake
[0.357s] -- Up-to-date: /home/chayakorn/ros_ws/install/rc_pwm_pkg/share/rc_pwm_pkg/cmake/rc_pwm_pkg__rosidl_typesupport_cppExport-noconfig.cmake
[0.358s] -- Up-to-date: /home/chayakorn/ros_ws/install/rc_pwm_pkg/share/rc_pwm_pkg/cmake/export_rc_pwm_pkg__rosidl_generator_pyExport.cmake
[0.358s] -- Up-to-date: /home/chayakorn/ros_ws/install/rc_pwm_pkg/share/rc_pwm_pkg/cmake/export_rc_pwm_pkg__rosidl_generator_pyExport-noconfig.cmake
[0.358s] -- Up-to-date: /home/chayakorn/ros_ws/install/rc_pwm_pkg/share/rc_pwm_pkg/cmake/rosidl_cmake-extras.cmake
[0.358s] -- Up-to-date: /home/chayakorn/ros_ws/install/rc_pwm_pkg/share/rc_pwm_pkg/cmake/ament_cmake_export_include_directories-extras.cmake
[0.358s] -- Up-to-date: /home/chayakorn/ros_ws/install/rc_pwm_pkg/share/rc_pwm_pkg/cmake/ament_cmake_export_libraries-extras.cmake
[0.358s] -- Up-to-date: /home/chayakorn/ros_ws/install/rc_pwm_pkg/share/rc_pwm_pkg/cmake/ament_cmake_export_targets-extras.cmake
[0.358s] -- Up-to-date: /home/chayakorn/ros_ws/install/rc_pwm_pkg/share/rc_pwm_pkg/cmake/rosidl_cmake_export_typesupport_targets-extras.cmake
[0.358s] -- Up-to-date: /home/chayakorn/ros_ws/install/rc_pwm_pkg/share/rc_pwm_pkg/cmake/ament_cmake_export_dependencies-extras.cmake
[0.358s] -- Up-to-date: /home/chayakorn/ros_ws/install/rc_pwm_pkg/share/rc_pwm_pkg/cmake/rosidl_cmake_export_typesupport_libraries-extras.cmake
[0.358s] -- Up-to-date: /home/chayakorn/ros_ws/install/rc_pwm_pkg/share/rc_pwm_pkg/cmake/rc_pwm_pkgConfig.cmake
[0.358s] -- Up-to-date: /home/chayakorn/ros_ws/install/rc_pwm_pkg/share/rc_pwm_pkg/cmake/rc_pwm_pkgConfig-version.cmake
[0.358s] -- Up-to-date: /home/chayakorn/ros_ws/install/rc_pwm_pkg/share/rc_pwm_pkg/package.xml
[0.361s] Invoked command in '/home/chayakorn/ros_ws/build/rc_pwm_pkg' returned '0': CMAKE_PREFIX_PATH=${CMAKE_PREFIX_PATH}:/home/chayakorn/ros_ws/install/control_pkg:/opt/ros/humble /usr/bin/cmake --install /home/chayakorn/ros_ws/build/rc_pwm_pkg
